2024-11-05 14:55:02.813579 [0;32mI (1942) Sensor: Sensor Name: Sonare D87C[0m 
2024-11-05 14:55:02.891554 [0;32mI (1942) Sensor: Sensor Designator: D87C[0m 
2024-11-05 14:55:02.893554 [0;32mI (1942) Sensor: Sensor MQTT Root Topic: SETE/sensors/sete003/D87C[0m 
2024-11-05 14:55:02.894553 [0;32mI (1952) Sensor: Internal Temperature: 41.40ºC[0m 
2024-11-05 14:55:02.895552 [0;32mI (1952) Sensor: Last Boot Reason: Reset due to power-on event[0m 
2024-11-05 14:55:02.896552 [0;32mI (1962) Sensor: Free memory: 259464 bytes[0m 
2024-11-05 14:55:02.897552 [0;32mI (1962) Sensor: IDF version: v5.3.1[0m 
2024-11-05 14:55:02.898552 [0;32mI (1972) Sensor: WiFi Connected: Yes[0m 
2024-11-05 14:55:02.899550 [0;32mI (1972) Sensor: Connected to 50 centavos a hora[0m 
2024-11-05 14:55:02.902549 [0;32mI (1982) Sensor: Password: ******************[0m 
2024-11-05 14:55:02.903550 [0;32mI (1982) Sensor: RSSI: -38[0m 
2024-11-05 14:55:02.904549 [0;32mI (1982) Sensor: Channel: 1[0m 
2024-11-05 14:55:02.904549 [0;32mI (1992) Sensor: AP BSSID: D8:C6:78:A8:59:48[0m 
2024-11-05 14:55:02.905549 [0;33mW (1992) Sensor: Sending all logs to MQTT from now on[0m 
2024-11-05 14:55:02.906550 [0;32mI (2012) SET003: Detected LD2461 running on v0.1 from 11/1/2023[0m 
2024-11-05 14:57:42.410067 [0;32mI (1952) Sensor: Sensor Name: Sonare D87C[0m 
2024-11-05 14:57:42.468048 [0;32mI (1952) Sensor: Sensor Designator: D87C[0m 
2024-11-05 14:57:42.471050 [0;32mI (1952) Sensor: Sensor MQTT Root Topic: SETE/sensors/sete003/D87C[0m 
2024-11-05 14:57:42.474046 [0;32mI (1962) Sensor: Internal Temperature: 41.40ºC[0m 
2024-11-05 14:57:42.476048 [0;32mI (1962) Sensor: Last Boot Reason: Reset due to power-on event[0m 
2024-11-05 14:57:42.478048 [0;32mI (1972) Sensor: Free memory: 259240 bytes[0m 
2024-11-05 14:57:42.480047 [0;32mI (1972) Sensor: IDF version: v5.3.1[0m 
2024-11-05 14:57:42.482043 [0;32mI (1982) Sensor: WiFi Connected: Yes[0m 
2024-11-05 14:57:42.484042 [0;32mI (1982) Sensor: Connected to 50 centavos a hora[0m 
2024-11-05 14:57:42.486042 [0;32mI (1992) Sensor: Password: ******************[0m 
2024-11-05 14:57:42.488044 [0;32mI (1992) Sensor: RSSI: -39[0m 
2024-11-05 14:57:42.491044 [0;32mI (1992) Sensor: Channel: 1[0m 
2024-11-05 14:57:42.525030 [0;32mI (2002) Sensor: AP BSSID: D8:C6:78:A8:59:48[0m 
2024-11-05 14:57:42.527029 [0;33mW (2002) Sensor: Sending all logs to MQTT from now on[0m 
2024-11-05 14:59:35.748001 [0;32mI (2562) Sensor: Sensor Name: Sonare D87C[0m 
2024-11-05 14:59:35.812992 [0;32mI (2562) Sensor: Sensor Designator: D87C[0m 
2024-11-05 14:59:35.815992 [0;32mI (2562) Sensor: Sensor MQTT Root Topic: SETE/sensors/sete003/D87C[0m 
2024-11-05 14:59:35.816990 [0;32mI (2572) Sensor: Internal Temperature: 41.40ºC[0m 
2024-11-05 14:59:35.818991 [0;32mI (2572) Sensor: Last Boot Reason: Reset due to power-on event[0m 
2024-11-05 14:59:35.819989 [0;32mI (2582) Sensor: Free memory: 259236 bytes[0m 
2024-11-05 14:59:35.820989 [0;32mI (2592) Sensor: IDF version: v5.3.1[0m 
2024-11-05 14:59:35.822991 [0;32mI (2592) Sensor: WiFi Connected: Yes[0m 
2024-11-05 14:59:35.823990 [0;32mI (2592) Sensor: Connected to 50 centavos a hora[0m 
2024-11-05 14:59:35.825990 [0;32mI (2602) Sensor: Password: ******************[0m 
2024-11-05 14:59:35.826989 [0;32mI (2602) Sensor: RSSI: -36[0m 
2024-11-05 14:59:35.828989 [0;32mI (2612) Sensor: Channel: 1[0m 
2024-11-05 14:59:35.829989 [0;32mI (2612) Sensor: AP BSSID: D8:C6:78:A8:59:48[0m 
2024-11-05 14:59:35.878976 [0;33mW (2622) Sensor: Sending all logs to MQTT from now on[0m 
2024-11-05 15:19:36.225986 [0;32mI (1203042) DETECTION: Target 2 exited the room | id: 10[0m 
2024-11-05 15:19:36.281967 [0;32mI (1203052) DETECTION: Entered: 0, Exited: 1, Gave up: 0[0m 
2024-11-05 15:40:02.605043 [0;32mI (1932) Sensor: Sensor Name: Sonare D87C[0m 
2024-11-05 15:40:02.663021 [0;32mI (1942) Sensor: Sensor Designator: D87C[0m 
2024-11-05 15:40:02.665546 [0;32mI (1942) Sensor: Sensor MQTT Root Topic: SETE/sensors/sete003/D87C[0m 
2024-11-05 15:40:02.667544 [0;32mI (1942) Sensor: Internal Temperature: 37.40ºC[0m 
2024-11-05 15:40:02.668543 [0;32mI (1952) Sensor: Last Boot Reason: Reset due to power-on event[0m 
2024-11-05 15:40:02.669543 [0;32mI (1952) Sensor: Free memory: 259440 bytes[0m 
2024-11-05 15:40:02.670542 [0;32mI (1962) Sensor: IDF version: v5.3.1[0m 
2024-11-05 15:40:02.672542 [0;32mI (1962) Sensor: WiFi Connected: Yes[0m 
2024-11-05 15:40:02.673542 [0;32mI (1972) Sensor: Connected to 50 centavos a hora[0m 
2024-11-05 15:40:02.674542 [0;32mI (1972) Sensor: Password: ******************[0m 
2024-11-05 15:40:02.675541 [0;32mI (1982) Sensor: RSSI: -37[0m 
2024-11-05 15:40:02.676541 [0;32mI (1982) Sensor: Channel: 1[0m 
2024-11-05 15:40:02.719526 [0;32mI (1982) Sensor: AP BSSID: D8:C6:78:A8:59:48[0m 
2024-11-05 15:40:02.720525 [0;33mW (1992) Sensor: Sending all logs to MQTT from now on[0m 
2024-11-05 15:47:58.078947 [0;32mI (477412) DETECTION: Target 0 exited the room | id: 30[0m 
2024-11-05 15:47:58.136952 [0;32mI (477412) DETECTION: Entered: 0, Exited: 1, Gave up: 0[0m 
2024-11-05 15:48:02.077903 [0;33mW (481412) DETECTION: Target 0 traversed but exited_side is not defined | id: 22[0m 
2024-11-05 15:48:02.135913 [0;32mI (481412) DETECTION: Entered: 0, Exited: 1, Gave up: 0[0m 
2024-11-05 15:48:05.956953 [0;32mI (485282) DETECTION: Target 0 exited the room | id: 30[0m 
2024-11-05 15:48:06.207965 [0;32mI (485292) DETECTION: Entered: 0, Exited: 1, Gave up: 0[0m 
2024-11-05 15:48:11.211923 [0;33mW (490532) DETECTION: Target 0 traversed but exited_side is not defined | id: 32[0m 
2024-11-05 15:48:11.270902 [0;32mI (490532) DETECTION: Entered: 0, Exited: 1, Gave up: 0[0m 
2024-11-05 15:48:22.826010 [0;33mW (502152) DETECTION: Target 0 traversed but exited_side is not defined | id: 12[0m 
2024-11-05 15:48:22.884987 [0;32mI (502162) DETECTION: Entered: 0, Exited: 1, Gave up: 0[0m 
2024-11-05 15:48:24.576021 [0;33mW (503902) DETECTION: Target 0 traversed but exited_side is not defined | id: 22[0m 
2024-11-05 15:48:24.634004 [0;32mI (503912) DETECTION: Entered: 0, Exited: 1, Gave up: 0[0m 
2024-11-05 15:48:29.327684 [0;33mW (508662) DETECTION: Target 2 traversed but exited_side is not defined | id: 32[0m 
2024-11-05 15:48:29.386666 [0;32mI (508662) DETECTION: Entered: 0, Exited: 1, Gave up: 0[0m 
2024-11-05 15:48:31.577860 [0;32mI (510912) DETECTION: Target 2 exited the room | id: 10[0m 
2024-11-05 15:48:31.636843 [0;32mI (510912) DETECTION: Entered: 0, Exited: 2, Gave up: 0[0m 
2024-11-05 15:48:51.330999 [0;33mW (530662) DETECTION: Target 2 traversed but exited_side is not defined | id: 12[0m 
2024-11-05 15:48:51.392996 [0;32mI (530662) DETECTION: Entered: 0, Exited: 0, Gave up: 0[0m 
2024-11-05 15:50:21.450745 [0;33mW (620782) DETECTION: Target 2 traversed but exited_side is not defined | id: 12[0m 
2024-11-05 15:50:21.508108 [0;32mI (620782) DETECTION: Entered: 0, Exited: 0, Gave up: 0[0m 
2024-11-05 15:50:47.565985 [0;32mI (646902) DETECTION: Target 0 exited the room | id: 21[0m 
2024-11-05 15:50:47.630962 [0;32mI (646902) DETECTION: Entered: 0, Exited: 1, Gave up: 0[0m 
2024-11-05 16:57:11.887701 [0;33mW (4631102) DETECTION: Target 0 traversed but exited_side is not defined | id: 32[0m 
2024-11-05 16:57:12.120624 [0;32mI (4631102) DETECTION: Entered: 0, Exited: 0, Gave up: 0[0m 
2024-11-05 16:57:15.164354 [0;32mI (2442) Sensor: Sensor Name: Sonare D87C[0m 
2024-11-05 16:57:15.466985 [0;32mI (2442) Sensor: Sensor Designator: D87C[0m 
2024-11-05 16:57:15.843626 [0;32mI (2442) Sensor: Sensor MQTT Root Topic: SETE/sensors/sete003/D87C[0m 
2024-11-05 16:57:15.943593 [0;32mI (2452) Sensor: Internal Temperature: 40.40ºC[0m 
2024-11-05 16:57:16.050574 [0;32mI (2452) Sensor: Last Boot Reason: Reset due to power-on event[0m 
2024-11-05 16:57:16.175533 [0;32mI (2462) Sensor: Free memory: 259432 bytes[0m 
2024-11-05 16:57:16.485429 [0;32mI (2462) Sensor: IDF version: v5.3.1[0m 
2024-11-05 16:57:16.817364 [0;32mI (2472) Sensor: WiFi Connected: Yes[0m 
2024-11-05 16:57:17.053413 [0;32mI (2472) Sensor: Connected to 50 centavos a hora[0m 
2024-11-05 16:57:17.301333 [0;32mI (2482) Sensor: Password: ******************[0m 
2024-11-05 16:57:17.534277 [0;32mI (2482) Sensor: RSSI: -35[0m 
2024-11-05 16:57:17.850170 [0;32mI (2482) Sensor: Channel: 1[0m 
2024-11-05 16:57:18.349009 [0;32mI (2492) Sensor: AP BSSID: D8:C6:78:A8:59:48[0m 
2024-11-05 16:57:18.456971 [0;33mW (2492) Sensor: Sending all logs to MQTT from now on[0m 
2024-11-05 16:57:18.577934 [0;32mI (2522) SET003: Detected LD2461 running on v0.1 from 11/1/2023[0m 
2024-11-05 17:30:39.479733 [0;32mI (1916) Sensor: Sensor Name: Sonare D87C[0m 
2024-11-05 17:30:39.543712 [0;32mI (1916) Sensor: Sensor Designator: D87C[0m 
2024-11-05 17:30:39.544712 [0;32mI (1916) Sensor: Sensor MQTT Root Topic: SETE/sensors/sete003/D87C[0m 
2024-11-05 17:30:39.545711 [0;32mI (1926) Sensor: Internal Temperature: 37.40ºC[0m 
2024-11-05 17:30:39.546711 [0;32mI (1926) Sensor: Last Boot Reason: Software reset due to exception/panic[0m 
2024-11-05 17:30:39.547710 [0;32mI (1936) Sensor: Free memory: 259428 bytes[0m 
2024-11-05 17:30:39.548712 [0;32mI (1946) Sensor: IDF version: v5.3.1[0m 
2024-11-05 17:30:39.549710 [0;32mI (1946) Sensor: WiFi Connected: Yes[0m 
2024-11-05 17:30:39.550709 [0;32mI (1946) Sensor: Connected to 50 centavos a hora[0m 
2024-11-05 17:30:39.551710 [0;32mI (1956) Sensor: Password: ******************[0m 
2024-11-05 17:30:39.552710 [0;32mI (1956) Sensor: RSSI: -34[0m 
2024-11-05 17:30:39.553709 [0;32mI (1966) Sensor: Channel: 1[0m 
2024-11-05 17:30:39.554708 [0;32mI (1966) Sensor: AP BSSID: D8:C6:78:A8:59:48[0m 
2024-11-05 17:30:39.607693 [0;33mW (1976) Sensor: Sending all logs to MQTT from now on[0m 
2024-11-05 17:30:39.608701 [0;32mI (1986) SET003: Detected LD2461 running on v0.1 from 11/1/2023[0m 
2024-11-05 19:16:28.475977 [0;32mI (2552) Sensor: Sensor Name: Sonare D87C[0m 
2024-11-05 19:16:28.537953 [0;32mI (2552) Sensor: Sensor Designator: D87C[0m 
2024-11-05 19:16:28.540955 [0;32mI (2552) Sensor: Sensor MQTT Root Topic: SETE/sensors/sete003/D87C[0m 
2024-11-05 19:16:28.543953 [0;32mI (2562) Sensor: Internal Temperature: 41.40ºC[0m 
2024-11-05 19:16:28.545954 [0;32mI (2562) Sensor: Last Boot Reason: Reset due to power-on event[0m 
2024-11-05 19:16:28.547955 [0;32mI (2572) Sensor: Free memory: 259408 bytes[0m 
2024-11-05 19:16:28.549953 [0;32mI (2572) Sensor: IDF version: v5.3.1[0m 
2024-11-05 19:16:28.551949 [0;32mI (2582) Sensor: WiFi Connected: Yes[0m 
2024-11-05 19:16:28.553952 [0;32mI (2582) Sensor: Connected to 50 centavos a hora[0m 
2024-11-05 19:16:28.555950 [0;32mI (2592) Sensor: Password: ******************[0m 
2024-11-05 19:16:28.557950 [0;32mI (2592) Sensor: RSSI: -34[0m 
2024-11-05 19:16:28.559951 [0;32mI (2602) Sensor: Channel: 1[0m 
2024-11-05 19:16:28.561950 [0;32mI (2602) Sensor: AP BSSID: D8:C6:78:A8:59:48[0m 
2024-11-05 19:16:28.562949 [0;33mW (2612) Sensor: Sending all logs to MQTT from now on[0m 
2024-11-05 19:26:30.206342 [0;32mI (2202) Sensor: Sensor Name: Sonare D87C[0m 
2024-11-05 19:26:30.272320 [0;32mI (2212) Sensor: Sensor Designator: D87C[0m 
2024-11-05 19:26:30.273319 [0;32mI (2212) Sensor: Sensor MQTT Root Topic: SETE/sensors/sete003/D87C[0m 
2024-11-05 19:26:30.274320 [0;32mI (2212) Sensor: Internal Temperature: 40.40ºC[0m 
2024-11-05 19:26:30.275320 [0;32mI (2222) Sensor: Last Boot Reason: Reset due to power-on event[0m 
2024-11-05 19:26:30.276319 [0;32mI (2232) Sensor: Free memory: 259024 bytes[0m 
2024-11-05 19:26:30.277319 [0;32mI (2232) Sensor: IDF version: v5.3.1[0m 
2024-11-05 19:26:30.278318 [0;32mI (2232) Sensor: WiFi Connected: Yes[0m 
2024-11-05 19:26:30.279318 [0;32mI (2242) Sensor: Connected to 50 centavos a hora[0m 
2024-11-05 19:26:30.280318 [0;32mI (2242) Sensor: Password: ******************[0m 
2024-11-05 19:26:30.281318 [0;32mI (2252) Sensor: RSSI: -33[0m 
2024-11-05 19:26:30.282318 [0;32mI (2252) Sensor: Channel: 1[0m 
2024-11-05 19:26:30.283317 [0;32mI (2262) Sensor: AP BSSID: D8:C6:78:A8:59:48[0m 
2024-11-05 19:26:30.283317 [0;33mW (2262) Sensor: Sending all logs to MQTT from now on[0m 
2024-11-05 21:39:06.305261 [0;32mI (1966) Sensor: Sensor Name: Sonare D87C[0m 
2024-11-05 21:39:06.371237 [0;32mI (1966) Sensor: Sensor Designator: D87C[0m 
2024-11-05 21:39:06.372235 [0;32mI (1966) Sensor: Sensor MQTT Root Topic: SETE/sensors/sete003/D87C[0m 
2024-11-05 21:39:06.373236 [0;32mI (1976) Sensor: Internal Temperature: 42.40ºC[0m 
2024-11-05 21:39:06.375236 [0;32mI (1976) Sensor: Last Boot Reason: Software reset due to exception/panic[0m 
2024-11-05 21:39:06.376235 [0;32mI (1986) Sensor: Free memory: 259380 bytes[0m 
2024-11-05 21:39:06.377236 [0;32mI (1986) Sensor: IDF version: v5.3.1[0m 
2024-11-05 21:39:06.378234 [0;32mI (1996) Sensor: WiFi Connected: Yes[0m 
2024-11-05 21:39:06.379235 [0;32mI (1996) Sensor: Connected to 50 centavos a hora[0m 
2024-11-05 21:39:06.380234 [0;32mI (2006) Sensor: Password: ******************[0m 
2024-11-05 21:39:06.381234 [0;32mI (2006) Sensor: RSSI: -40[0m 
2024-11-05 21:39:06.382233 [0;32mI (2016) Sensor: Channel: 1[0m 
2024-11-05 21:39:06.383233 [0;32mI (2016) Sensor: AP BSSID: D8:C6:78:A8:59:48[0m 
2024-11-05 21:39:06.385232 [0;33mW (2016) Sensor: Sending all logs to MQTT from now on[0m 
2024-11-05 21:51:59.246313 [0;33mW (774906) DETECTION: Target 0 traversed but exited_side is not defined | id: 32[0m 
2024-11-05 21:51:59.311288 [0;32mI (774906) DETECTION: Entered: 0, Exited: 0, Gave up: 0[0m 
2024-11-05 21:52:03.995164 [0;32mI (779656) DETECTION: Target 0 exited the room | id: 30[0m 
2024-11-05 21:52:04.063142 [0;32mI (779656) DETECTION: Entered: 0, Exited: 1, Gave up: 0[0m 
2024-11-05 21:56:58.993397 [0;32mI (1074656) DETECTION: Target 0 exited the room | id: 10[0m 
2024-11-05 21:56:59.058373 [0;32mI (1074656) DETECTION: Entered: 0, Exited: 1, Gave up: 0[0m 
2024-11-05 22:10:44.849519 [0;33mW (1900516) DETECTION: Target 1 traversed but exited_side is not defined | id: 32[0m 
2024-11-05 22:10:44.915498 [0;32mI (1900516) DETECTION: Entered: 0, Exited: 0, Gave up: 0[0m 
2024-11-05 22:23:07.751236 [0;32mI (1936) Sensor: Sensor Name: Sonare D87C[0m 
2024-11-05 22:23:07.818216 [0;32mI (1936) Sensor: Sensor Designator: D87C[0m 
2024-11-05 22:23:07.822217 [0;32mI (1936) Sensor: Sensor MQTT Root Topic: SETE/sensors/sete003/D87C[0m 
2024-11-05 22:23:07.825215 [0;32mI (1946) Sensor: Internal Temperature: 42.40ºC[0m 
2024-11-05 22:23:07.827212 [0;32mI (1946) Sensor: Last Boot Reason: Software reset due to exception/panic[0m 
2024-11-05 22:23:07.829210 [0;32mI (1956) Sensor: Free memory: 259392 bytes[0m 
2024-11-05 22:23:07.830211 [0;32mI (1966) Sensor: IDF version: v5.3.1[0m 
2024-11-05 22:23:07.832211 [0;32mI (1966) Sensor: WiFi Connected: Yes[0m 
2024-11-05 22:23:07.833209 [0;32mI (1966) Sensor: Connected to 50 centavos a hora[0m 
2024-11-05 22:23:07.834208 [0;32mI (1976) Sensor: Password: ******************[0m 
2024-11-05 22:23:07.883192 [0;32mI (1976) Sensor: RSSI: -34[0m 
2024-11-05 22:23:07.885191 [0;32mI (1986) Sensor: Channel: 1[0m 
2024-11-05 22:23:07.886191 [0;32mI (1986) Sensor: AP BSSID: D8:C6:78:A8:59:48[0m 
2024-11-05 22:23:07.887191 [0;33mW (1996) Sensor: Sending all logs to MQTT from now on[0m 
2024-11-05 23:02:08.070298 [0;32mI (1936) Sensor: Sensor Name: Sonare D87C[0m 
2024-11-05 23:02:08.140275 [0;32mI (1936) Sensor: Sensor Designator: D87C[0m 
2024-11-05 23:02:08.141276 [0;32mI (1936) Sensor: Detected LD2461 running on v0.1 from 11/1/2023[0m
 m 
2024-11-05 23:02:08.144274 [0;32mI (1946) Sensor: Internal Temperature: 41.40ºC[0m 
2024-11-05 23:02:08.145274 [0;32mI (1946) Sensor: Last Boot Reason: Software reset due to exception/panic[0m 
2024-11-05 23:02:08.147273 [0;32mI (1956) Sensor: Free memory: 259576 bytes[0m 
2024-11-05 23:02:08.148273 [0;32mI (1956) Sensor: IDF version: v5.3.1[0m 
2024-11-05 23:02:08.150273 [0;32mI (1966) Sensor: WiFi Connected: Yes[0m 
2024-11-05 23:02:08.151272 [0;32mI (1966) Sensor: Connected to 50 centavos a hora[0m 
2024-11-05 23:02:08.153271 [0;32mI (1976) Sensor: Password: ******************[0m 
2024-11-05 23:02:08.155272 [0;32mI (1976) Sensor: RSSI: -47[0m 
2024-11-05 23:02:08.156272 [0;32mI (1986) Sensor: Channel: 1[0m 
2024-11-05 23:02:08.158270 [0;32mI (1986) Sensor: AP BSSID: D8:C6:78:A8:59:48[0m 
2024-11-05 23:02:08.159271 [0;33mW (1986) Sensor: Sending all logs to MQTT from now on[0m 
2024-11-05 23:02:08.206133 [0;33mW (1986) Sensor: Sending all logs to MQTT from now on[0m
 ception/ 
2024-11-05 23:34:19.480379 [0;32mI (2556) Sensor: Sensor Name: Sonare D87C[0m 
2024-11-05 23:34:19.546356 [0;32mI (2556) Sensor: Sensor Designator: D87C[0m 
2024-11-05 23:34:19.548358 [0;32mI (2556) Sensor: Sensor MQTT Root Topic: SETE/sensors/sete003/D87C[0m 
2024-11-05 23:34:19.550355 [0;32mI (2566) Sensor: Internal Temperature: 36.40ºC[0m 
2024-11-05 23:34:19.552355 [0;32mI (2566) Sensor: Last Boot Reason: Software reset due to exception/panic[0m 
2024-11-05 23:34:19.553355 [0;32mI (2576) Sensor: Free memory: 259348 bytes[0m 
2024-11-05 23:34:19.555354 [0;32mI (2576) Sensor: IDF version: v5.3.1[0m 
2024-11-05 23:34:19.556354 [0;32mI (2586) Sensor: WiFi Connected: Yes[0m 
2024-11-05 23:34:19.557353 [0;32mI (2586) Sensor: Connected to 50 centavos a hora[0m 
2024-11-05 23:34:19.558353 [0;32mI (2596) Sensor: Password: ******************[0m 
2024-11-05 23:34:19.560353 [0;32mI (2596) Sensor: RSSI: -36[0m 
2024-11-05 23:34:19.561353 [0;32mI (2606) Sensor: Channel: 1[0m 
2024-11-05 23:34:19.562352 [0;32mI (2606) Sensor: AP BSSID: D8:C6:78:A8:59:48[0m 
2024-11-05 23:34:19.611336 [0;33mW (2606) Sensor: Sending all logs to MQTT from now on[0m 
2024-11-06 00:06:07.264075 [0;32mI (1936) Sensor: Sensor Name: Sonare D87C[0m 
2024-11-06 00:06:07.330046 [0;32mI (1936) Sensor: Sensor Designator: D87C[0m 
2024-11-06 00:06:07.332045 [0;32mI (1936) Sensor: Sensor MQTT Root Topic: SETE/sensors/sete003/D87C[0m 
2024-11-06 00:06:07.334047 [0;32mI (1946) Sensor: Internal Temperature: 35.40ºC[0m 
2024-11-06 00:06:07.336045 [0;32mI (1946) Sensor: Last Boot Reason: Software reset due to exception/panic[0m 
2024-11-06 00:06:07.338044 [0;32mI (1956) Sensor: Free memory: 259392 bytes[0m 
2024-11-06 00:06:07.339043 [0;32mI (1956) Sensor: IDF version: v5.3.1[0m 
2024-11-06 00:06:07.341043 [0;32mI (1966) Sensor: WiFi Connected: Yes[0m 
2024-11-06 00:06:07.342042 [0;32mI (1966) Sensor: Connected to 50 centavos a hora[0m 
2024-11-06 00:06:07.344042 [0;32mI (1976) Sensor: Password: ******************[0m 
2024-11-06 00:06:07.346042 [0;32mI (1976) Sensor: RSSI: -36[0m 
2024-11-06 00:06:07.347041 [0;32mI (1976) Sensor: Channel: 1[0m 
2024-11-06 00:06:07.348041 [0;32mI (1986) Sensor: AP BSSID: D8:C6:78:A8:59:48[0m 
2024-11-06 00:06:07.396026 [0;33mW (1986) Sensor: Sending all logs to MQTT from now on[0m 
2024-11-06 00:38:01.915328 [0;32mI (2236) Sensor: Sensor Name: Sonare D87C[0m 
2024-11-06 00:38:01.988304 [0;32mI (2246) Sensor: Sensor Designator: D87C[0m 
2024-11-06 00:38:01.990305 [0;32mI (2246) Sensor: Sensor MQTT Root Topic: SETE/sensors/sete003/D87C[0m 
2024-11-06 00:38:01.992304 [0;32mI (2246) Sensor: Internal Temperature: 35.40ºC[0m 
2024-11-06 00:38:01.994304 [0;32mI (2256) Sensor: Last Boot Reason: Software reset due to exception/panic[0m 
2024-11-06 00:38:01.996301 [0;32mI (2266) Sensor: Free memory: 258992 bytes[0m 
2024-11-06 00:38:01.998300 [0;32mI (2266) Sensor: IDF version: v5.3.1[0m 
2024-11-06 00:38:01.999300 [0;32mI (2276) Sensor: WiFi Connected: Yes[0m 
2024-11-06 00:38:02.001300 [0;32mI (2276) Sensor: Connected to 50 centavos a hora[0m 
2024-11-06 00:38:02.002300 [0;32mI (2276) Sensor: Password: ******************[0m 
2024-11-06 00:38:02.003301 [0;32mI (2286) Sensor: RSSI: -37[0m 
2024-11-06 00:38:02.004300 [0;32mI (2286) Sensor: Channel: 1[0m 
2024-11-06 00:38:02.006299 [0;32mI (2296) Sensor: AP BSSID: D8:C6:78:A8:59:48[0m 
2024-11-06 00:38:02.007299 [0;33mW (2296) Sensor: Sending all logs to MQTT from now on[0m 
2024-11-06 01:10:54.891201 [0;32mI (1957) Sensor: Sensor Name: Sonare D87C[0m 
2024-11-06 01:10:54.956199 [0;32mI (1957) Sensor: Sensor Designator: D87C[0m 
2024-11-06 01:10:54.958198 [0;32mI (1967) Sensor: Sensor MQTT Root Topic: SETE/sensors/sete003/D87C[0m 
2024-11-06 01:10:54.959198 [0;32mI (1967) Sensor: Internal Temperature: 36.40ºC[0m 
2024-11-06 01:10:54.961198 [0;32mI (1977) Sensor: Last Boot Reason: Software reset due to exception/panic[0m 
2024-11-06 01:10:54.962197 [0;32mI (1977) Sensor: Free memory: 259600 bytes[0m 
2024-11-06 01:10:54.963196 [0;32mI (1987) Sensor: IDF version: v5.3.1[0m 
2024-11-06 01:10:54.964196 [0;32mI (1987) Sensor: WiFi Connected: Yes[0m 
2024-11-06 01:10:54.965195 [0;32mI (1997) Sensor: Connected to 50 centavos a hora[0m 
2024-11-06 01:10:54.967195 [0;32mI (1997) Sensor: Password: ******************[0m 
2024-11-06 01:10:55.022687 [0;32mI (2007) Sensor: RSSI: -36[0m 
2024-11-06 01:10:55.023687 [0;32mI (2007) Sensor: Channel: 1[0m 
2024-11-06 01:10:55.025685 [0;32mI (2007) Sensor: AP BSSID: D8:C6:78:A8:59:48[0m 
2024-11-06 01:10:55.026685 [0;33mW (2017) Sensor: Sending all logs to MQTT from now on[0m 
2024-11-06 01:10:55.028686 [0;33mW (2017) Sensor: Sending all logs to MQTT from now on[0m
 2023[0m 
2024-11-06 01:47:25.427877 [0;32mI (2186) Sensor: Sensor Name: Sonare D87C[0m 
2024-11-06 01:47:25.494857 [0;32mI (2186) Sensor: Sensor Designator: D87C[0m 
2024-11-06 01:47:25.496856 [0;32mI (2196) Sensor: Sensor MQTT Root Topic: SETE/sensors/sete003/D87C[0m 
2024-11-06 01:47:25.498855 [0;32mI (2196) Sensor: Internal Temperature: 37.40ºC[0m 
2024-11-06 01:47:25.499855 [0;32mI (2206) Sensor: Last Boot Reason: Software reset due to exception/panic[0m 
2024-11-06 01:47:25.500855 [0;32mI (2206) Sensor: Free memory: 258972 bytes[0m 
2024-11-06 01:47:25.502853 [0;32mI (2216) Sensor: IDF version: v5.3.1[0m 
2024-11-06 01:47:25.503852 [0;32mI (2216) Sensor: WiFi Connected: Yes[0m 
2024-11-06 01:47:25.505852 [0;32mI (2226) Sensor: Connected to 50 centavos a hora[0m 
2024-11-06 01:47:25.506853 [0;32mI (2226) Sensor: Password: ******************[0m 
2024-11-06 01:47:25.508852 [0;32mI (2236) Sensor: RSSI: -36[0m 
2024-11-06 01:47:25.509850 [0;32mI (2236) Sensor: Channel: 1[0m 
2024-11-06 01:47:25.510850 [0;32mI (2236) Sensor: AP BSSID: D8:C6:78:A8:59:48[0m 
2024-11-06 01:47:25.560833 [0;33mW (2246) Sensor: Sending all logs to MQTT from now on[0m 
2024-11-06 02:08:27.505798 [0;32mI (1264266) DETECTION: Target 0 exited the room | id: 21[0m 
2024-11-06 02:08:27.571777 [0;32mI (1264266) DETECTION: Entered: 0, Exited: 1, Gave up: 0[0m 
2024-11-06 02:38:57.645267 [0;32mI (1946) Sensor: Sensor Name: Sonare D87C[0m 
2024-11-06 02:38:57.709252 [0;32mI (1946) Sensor: Sensor Designator: D87C[0m 
2024-11-06 02:38:57.712249 [0;32mI (1946) Sensor: Sensor MQTT Root Topic: SETE/sensors/sete003/D87C[0m 
2024-11-06 02:38:57.715249 [0;32mI (1946) Sensor: Internal Temperature: 36.40ºC[0m 
2024-11-06 02:38:57.718248 [0;32mI (1956) Sensor: Last Boot Reason: Software reset due to exception/panic[0m 
2024-11-06 02:38:57.720247 [0;32mI (1966) Sensor: Free memory: 259412 bytes[0m 
2024-11-06 02:38:57.722246 [0;32mI (1966) Sensor: IDF version: v5.3.1[0m 
2024-11-06 02:38:57.725245 [0;32mI (1976) Sensor: WiFi Connected: Yes[0m 
2024-11-06 02:38:57.728243 [0;32mI (1976) Sensor: Connected to 50 centavos a hora[0m 
2024-11-06 02:38:57.730243 [0;32mI (1986) Sensor: Password: ******************[0m 
2024-11-06 02:38:57.732241 [0;32mI (1986) Sensor: RSSI: -29[0m 
2024-11-06 02:38:57.734242 [0;32mI (1986) Sensor: Channel: 1[0m 
2024-11-06 02:38:57.737241 [0;32mI (1996) Sensor: AP BSSID: D8:C6:78:A8:59:48[0m 
2024-11-06 02:38:57.739240 [0;33mW (1996) Sensor: Sending all logs to MQTT from now on[0m 
2024-11-06 03:10:47.472303 [0;32mI (2436) Sensor: Sensor Name: Sonare D87C[0m 
2024-11-06 03:10:47.536282 [0;32mI (2436) Sensor: Sensor Designator: D87C[0m 
2024-11-06 03:10:47.539281 [0;32mI (2436) Sensor: Sensor MQTT Root Topic: SETE/sensors/sete003/D87C[0m 
2024-11-06 03:10:47.542277 [0;32mI (2446) Sensor: Internal Temperature: 34.40ºC[0m 
2024-11-06 03:10:47.544277 [0;32mI (2446) Sensor: Last Boot Reason: Software reset due to exception/panic[0m 
2024-11-06 03:10:47.547279 [0;32mI (2456) Sensor: Free memory: 259400 bytes[0m 
2024-11-06 03:10:47.549275 [0;32mI (2466) Sensor: IDF version: v5.3.1[0m 
2024-11-06 03:10:47.551275 [0;32mI (2466) Sensor: WiFi Connected: Yes[0m 
2024-11-06 03:10:47.554274 [0;32mI (2466) Sensor: Connected to 50 centavos a hora[0m 
2024-11-06 03:10:47.557276 [0;32mI (2476) Sensor: Password: ******************[0m 
2024-11-06 03:10:47.559275 [0;32mI (2476) Sensor: RSSI: -29[0m 
2024-11-06 03:10:47.561274 [0;32mI (2486) Sensor: Channel: 1[0m 
2024-11-06 03:10:47.602281 [0;32mI (2486) Sensor: AP BSSID: D8:C6:78:A8:59:48[0m 
2024-11-06 03:10:47.605276 [0;33mW (2496) Sensor: Sending all logs to MQTT from now on[0m 
2024-11-06 03:42:49.967290 [0;32mI (1956) Sensor: Sensor Name: Sonare D87C[0m 
2024-11-06 03:42:50.030778 [0;32mI (1966) Sensor: Sensor Designator: D87C[0m 
2024-11-06 03:42:50.031779 [0;32mI (1966) Sensor: Sensor MQTT Root Topic: SETE/sensors/sete003/D87C[0m 
2024-11-06 03:42:50.033779 [0;32mI (1966) Sensor: Internal Temperature: 34.40ºC[0m 
2024-11-06 03:42:50.035777 [0;32mI (1976) Sensor: Last Boot Reason: Software reset due to exception/panic[0m 
2024-11-06 03:42:50.036776 [0;32mI (1976) Sensor: Free memory: 259376 bytes[0m 
2024-11-06 03:42:50.037777 [0;32mI (1986) Sensor: IDF version: v5.3.1[0m 
2024-11-06 03:42:50.039776 [0;32mI (1986) Sensor: WiFi Connected: Yes[0m 
2024-11-06 03:42:50.040774 [0;32mI (1996) Sensor: Connected to 50 centavos a hora[0m 
2024-11-06 03:42:50.042775 [0;32mI (1996) Sensor: Password: ******************[0m 
2024-11-06 03:42:50.043774 [0;32mI (2006) Sensor: RSSI: -29[0m 
2024-11-06 03:42:50.044773 [0;32mI (2006) Sensor: Channel: 1[0m 
2024-11-06 03:42:50.092292 [0;32mI (2016) Sensor: AP BSSID: D8:C6:78:A8:59:48[0m 
2024-11-06 03:42:50.094291 [0;33mW (2016) Sensor: Sending all logs to MQTT from now on[0m 
2024-11-06 04:14:30.887314 [0;32mI (1916) Sensor: Sensor Name: Sonare D87C[0m 
2024-11-06 04:14:30.949338 [0;32mI (1916) Sensor: Sensor Designator: D87C[0m 
2024-11-06 04:14:30.950337 [0;32mI (1916) Sensor: Sensor MQTT Root Topic: SETE/sensors/sete003/D87C[0m 
2024-11-06 04:14:30.952337 [0;32mI (1926) Sensor: Internal Temperature: 33.40ºC[0m 
2024-11-06 04:14:30.953337 [0;32mI (1926) Sensor: Last Boot Reason: Software reset due to exception/panic[0m 
2024-11-06 04:14:30.954338 [0;32mI (1936) Sensor: Free memory: 259356 bytes[0m 
2024-11-06 04:14:30.955336 [0;32mI (1946) Sensor: IDF version: v5.3.1[0m 
2024-11-06 04:14:30.956336 [0;32mI (1946) Sensor: WiFi Connected: Yes[0m 
2024-11-06 04:14:30.957336 [0;32mI (1956) Sensor: Connected to 50 centavos a hora[0m 
2024-11-06 04:14:30.958336 [0;32mI (1956) Sensor: Password: ******************[0m 
2024-11-06 04:14:30.959336 [0;32mI (1966) Sensor: RSSI: -29[0m 
2024-11-06 04:14:30.960335 [0;32mI (1966) Sensor: Channel: 1[0m 
2024-11-06 04:14:30.960335 [0;32mI (1966) Sensor: AP BSSID: D8:C6:78:A8:59:48[0m 
2024-11-06 04:14:31.011673 [0;33mW (1976) Sensor: Sending all logs to MQTT from now on[0m 
2024-11-06 04:14:31.012672 [0;33mW (1976) Sensor: Sending all logs to MQTT from now on[0m
 ception/ 
2024-11-06 04:46:14.150045 [0;32mI (1956) Sensor: Sensor Name: Sonare D87C[0m 
2024-11-06 04:46:14.216857 [0;32mI (1956) Sensor: Sensor Designator: D87C[0m 
2024-11-06 04:46:14.218856 [0;32mI (1956) Sensor: Sensor MQTT Root Topic: SETE/sensors/sete003/D87C[0m 
2024-11-06 04:46:14.219856 [0;32mI (1966) Sensor: Internal Temperature: 33.40ºC[0m 
2024-11-06 04:46:14.220857 [0;32mI (1966) Sensor: Last Boot Reason: Software reset due to exception/panic[0m 
2024-11-06 04:46:14.221855 [0;32mI (1976) Sensor: Free memory: 259392 bytes[0m 
2024-11-06 04:46:14.222855 [0;32mI (1976) Sensor: IDF version: v5.3.1[0m 
2024-11-06 04:46:14.223855 [0;32mI (1986) Sensor: WiFi Connected: Yes[0m 
2024-11-06 04:46:14.224854 [0;32mI (1986) Sensor: Connected to 50 centavos a hora[0m 
2024-11-06 04:46:14.225853 [0;32mI (1996) Sensor: Password: ******************[0m 
2024-11-06 04:46:14.226854 [0;32mI (1996) Sensor: RSSI: -29[0m 
2024-11-06 04:46:14.227853 [0;32mI (2006) Sensor: Channel: 1[0m 
2024-11-06 04:46:14.228853 [0;32mI (2006) Sensor: AP BSSID: D8:C6:78:A8:59:48[0m 
2024-11-06 04:46:14.229853 [0;33mW (2006) Sensor: Sending all logs to MQTT from now on[0m 
2024-11-06 05:18:00.779729 [0;32mI (1936) Sensor: Sensor Name: Sonare D87C[0m 
2024-11-06 05:18:00.872306 [0;32mI (1936) Sensor: Sensor Designator: D87C[0m 
2024-11-06 05:18:00.938308 [0;32mI (1946) Sensor: Sensor MQTT Root Topic: SETE/sensors/sete003/D87C[0m 
2024-11-06 05:18:00.940308 [0;32mI (1946) Sensor: Internal Temperature: 33.40ºC[0m 
2024-11-06 05:18:00.941307 [0;32mI (1956) Sensor: Last Boot Reason: Software reset due to exception/panic[0m 
2024-11-06 05:18:00.943306 [0;32mI (1956) Sensor: Free memory: 259392 bytes[0m 
2024-11-06 05:18:00.944306 [0;32mI (1966) Sensor: IDF version: v5.3.1[0m 
2024-11-06 05:18:00.945306 [0;32mI (1966) Sensor: WiFi Connected: Yes[0m 
2024-11-06 05:18:00.946306 [0;32mI (1976) Sensor: Connected to 50 centavos a hora[0m 
2024-11-06 05:18:00.947305 [0;32mI (1976) Sensor: Password: ******************[0m 
2024-11-06 05:18:00.948305 [0;32mI (1986) Sensor: RSSI: -29[0m 
2024-11-06 05:18:00.949305 [0;32mI (1986) Sensor: Channel: 1[0m 
2024-11-06 05:18:00.950304 [0;32mI (1986) Sensor: AP BSSID: D8:C6:78:A8:59:48[0m 
2024-11-06 05:18:00.951304 [0;33mW (1996) Sensor: Sending all logs to MQTT from now on[0m 
2024-11-06 05:49:48.252297 [0;32mI (2116) Sensor: Sensor Name: Sonare D87C[0m 
2024-11-06 05:49:48.319278 [0;32mI (2116) Sensor: Sensor Designator: D87C[0m 
2024-11-06 05:49:48.323278 [0;32mI (2116) Sensor: Sensor MQTT Root Topic: SETE/sensors/sete003/D87C[0m 
2024-11-06 05:49:48.326277 [0;32mI (2126) Sensor: Internal Temperature: 35.40ºC[0m 
2024-11-06 05:49:48.328343 [0;32mI (2126) Sensor: Last Boot Reason: Software reset due to exception/panic[0m 
2024-11-06 05:49:48.331276 [0;32mI (2136) Sensor: Free memory: 259348 bytes[0m 
2024-11-06 05:49:48.333271 [0;32mI (2146) Sensor: IDF version: v5.3.1[0m 
2024-11-06 05:49:48.335270 [0;32mI (2146) Sensor: WiFi Connected: Yes[0m 
2024-11-06 05:49:48.338272 [0;32mI (2146) Sensor: Connected to 50 centavos a hora[0m 
2024-11-06 05:49:48.340273 [0;32mI (2156) Sensor: Password: ******************[0m 
2024-11-06 05:49:48.385350 [0;32mI (2156) Sensor: RSSI: -29[0m 
2024-11-06 05:49:48.388346 [0;32mI (2166) Sensor: Channel: 1[0m 
2024-11-06 05:49:48.390349 [0;32mI (2166) Sensor: AP BSSID: D8:C6:78:A8:59:48[0m 
2024-11-06 05:49:48.393348 [0;33mW (2176) Sensor: Sending all logs to MQTT from now on[0m 
2024-11-06 06:21:42.223112 [0;32mI (1986) Sensor: Sensor Name: Sonare D87C[0m 
2024-11-06 06:21:42.290091 [0;32mI (1986) Sensor: Sensor Designator: D87C[0m 
2024-11-06 06:21:42.292090 [0;32mI (1986) Sensor: Sensor MQTT Root Topic: SETE/sensors/sete003/D87C[0m 
2024-11-06 06:21:42.293091 [0;32mI (1986) Sensor: Internal Temperature: 37.40ºC[0m 
2024-11-06 06:21:42.294089 [0;32mI (1996) Sensor: Last Boot Reason: Software reset due to exception/panic[0m 
2024-11-06 06:21:42.295088 [0;32mI (2006) Sensor: Free memory: 259408 bytes[0m 
2024-11-06 06:21:42.296090 [0;32mI (2006) Sensor: IDF version: v5.3.1[0m 
2024-11-06 06:21:42.297088 [0;32mI (2016) Sensor: WiFi Connected: Yes[0m 
2024-11-06 06:21:42.298087 [0;32mI (2016) Sensor: Connected to 50 centavos a hora[0m 
2024-11-06 06:21:42.299087 [0;32mI (2026) Sensor: Password: ******************[0m 
2024-11-06 06:21:42.300087 [0;32mI (2026) Sensor: RSSI: -29[0m 
2024-11-06 06:21:42.301088 [0;32mI (2026) Sensor: Channel: 1[0m 
2024-11-06 06:21:42.302087 [0;32mI (2036) Sensor: AP BSSID: D8:C6:78:A8:59:48[0m 
2024-11-06 06:21:42.356068 [0;33mW (2036) Sensor: Sending all logs to MQTT from now on[0m 
2024-11-06 06:53:32.456223 [0;32mI (2246) Sensor: Sensor Name: Sonare D87C[0m 
2024-11-06 06:53:32.522202 [0;32mI (2256) Sensor: Sensor Designator: D87C[0m 
2024-11-06 06:53:32.524202 [0;32mI (2256) Sensor: Sensor MQTT Root Topic: SETE/sensors/sete003/D87C[0m 
2024-11-06 06:53:32.525201 [0;32mI (2256) Sensor: Internal Temperature: 37.40ºC[0m 
2024-11-06 06:53:32.527201 [0;32mI (2266) Sensor: Last Boot Reason: Software reset due to exception/panic[0m 
2024-11-06 06:53:32.528200 [0;32mI (2276) Sensor: Free memory: 257216 bytes[0m 
2024-11-06 06:53:32.529199 [0;32mI (2276) Sensor: IDF version: v5.3.1[0m 
2024-11-06 06:53:32.530199 [0;32mI (2276) Sensor: WiFi Connected: Yes[0m 
2024-11-06 06:53:32.530199 [0;32mI (2286) Sensor: Connected to 50 centavos a hora[0m 
2024-11-06 06:53:32.532199 [0;32mI (2286) Sensor: Password: ******************[0m 
2024-11-06 06:53:32.533198 [0;32mI (2296) Sensor: RSSI: -29[0m 
2024-11-06 06:53:32.534200 [0;32mI (2296) Sensor: Channel: 1[0m 
2024-11-06 06:53:32.535200 [0;32mI (2306) Sensor: AP BSSID: D8:C6:78:A8:59:48[0m 
2024-11-06 06:53:32.536200 [0;33mW (2306) Sensor: Sending all logs to MQTT from now on[0m 
2024-11-06 07:25:15.877318 [0;32mI (1946) Sensor: Sensor Name: Sonare D87C[0m 
2024-11-06 07:25:15.944287 [0;32mI (1946) Sensor: Sensor Designator: D87C[0m 
2024-11-06 07:25:15.945287 [0;32mI (1946) Sensor: Sensor MQTT Root Topic: SETE/sensors/sete003/D87C[0m 
2024-11-06 07:25:15.946287 [0;32mI (1956) Sensor: Internal Temperature: 39.40ºC[0m 
2024-11-06 07:25:15.947287 [0;32mI (1956) Sensor: Last Boot Reason: Software reset due to exception/panic[0m 
2024-11-06 07:25:15.948286 [0;32mI (1966) Sensor: Free memory: 259412 bytes[0m 
2024-11-06 07:25:15.949286 [0;32mI (1966) Sensor: IDF version: v5.3.1[0m 
2024-11-06 07:25:15.950286 [0;32mI (1976) Sensor: WiFi Connected: Yes[0m 
2024-11-06 07:25:15.951285 [0;32mI (1976) Sensor: Connected to 50 centavos a hora[0m 
2024-11-06 07:25:15.952285 [0;32mI (1986) Sensor: Password: ******************[0m 
2024-11-06 07:25:15.953284 [0;32mI (1986) Sensor: RSSI: -29[0m 
2024-11-06 07:25:15.954284 [0;32mI (1986) Sensor: Channel: 1[0m 
2024-11-06 07:25:15.955284 [0;32mI (1996) Sensor: AP BSSID: D8:C6:78:A8:59:48[0m 
2024-11-06 07:25:15.956284 [0;33mW (1996) Sensor: Sending all logs to MQTT from now on[0m 
2024-11-06 07:57:11.965598 [0;32mI (1946) Sensor: Sensor Name: Sonare D87C[0m 
2024-11-06 07:57:12.032576 [0;32mI (1946) Sensor: Sensor Designator: D87C[0m 
2024-11-06 07:57:12.035575 [0;32mI (1946) Sensor: Sensor MQTT Root Topic: SETE/sensors/sete003/D87C[0m 
2024-11-06 07:57:12.039574 [0;32mI (1946) Sensor: Internal Temperature: 38.40ºC[0m 
2024-11-06 07:57:12.041573 [0;32mI (1956) Sensor: Last Boot Reason: Software reset due to exception/panic[0m 
2024-11-06 07:57:12.043572 [0;32mI (1966) Sensor: Free memory: 259380 bytes[0m 
2024-11-06 07:57:12.046568 [0;32mI (1966) Sensor: IDF version: v5.3.1[0m 
2024-11-06 07:57:12.048571 [0;32mI (1976) Sensor: WiFi Connected: Yes[0m 
2024-11-06 07:57:12.051570 [0;32mI (1976) Sensor: Connected to 50 centavos a hora[0m 
2024-11-06 07:57:12.053569 [0;32mI (1986) Sensor: Password: ******************[0m 
2024-11-06 07:57:12.099555 [0;32mI (1986) Sensor: RSSI: -30[0m 
2024-11-06 07:57:12.102553 [0;32mI (1986) Sensor: Channel: 1[0m 
2024-11-06 07:57:12.105552 [0;32mI (1996) Sensor: AP BSSID: D8:C6:78:A8:59:48[0m 
2024-11-06 07:57:12.108551 [0;33mW (1996) Sensor: Sending all logs to MQTT from now on[0m 
2024-11-06 08:29:01.952292 [0;32mI (1946) Sensor: Sensor Name: Sonare D87C[0m 
2024-11-06 08:29:02.018267 [0;32mI (1956) Sensor: Sensor Designator: D87C[0m 
2024-11-06 08:29:02.021268 [0;32mI (1956) Sensor: Sensor MQTT Root Topic: SETE/sensors/sete003/D87C[0m 
2024-11-06 08:29:02.024269 [0;32mI (1956) Sensor: Internal Temperature: 39.40ºC[0m 
2024-11-06 08:29:02.027264 [0;32mI (1966) Sensor: Last Boot Reason: Software reset due to exception/panic[0m 
2024-11-06 08:29:02.030267 [0;32mI (1976) Sensor: Free memory: 259420 bytes[0m 
2024-11-06 08:29:02.032266 [0;32mI (1976) Sensor: IDF version: v5.3.1[0m 
2024-11-06 08:29:02.034265 [0;32mI (1976) Sensor: WiFi Connected: Yes[0m 
2024-11-06 08:29:02.037264 [0;32mI (1986) Sensor: Connected to 50 centavos a hora[0m 
2024-11-06 08:29:02.038260 [0;32mI (1986) Sensor: Password: ******************[0m 
2024-11-06 08:29:02.040260 [0;32mI (1996) Sensor: RSSI: -29[0m 
2024-11-06 08:29:02.042260 [0;32mI (1996) Sensor: Channel: 1[0m 
2024-11-06 08:29:02.043258 [0;32mI (2006) Sensor: AP BSSID: D8:C6:78:A8:59:48[0m 
2024-11-06 08:29:02.044258 [0;33mW (2006) Sensor: Sending all logs to MQTT from now on[0m 
2024-11-06 09:00:55.034066 [0;32mI (1926) Sensor: Sensor Name: Sonare D87C[0m 
2024-11-06 09:00:55.100045 [0;32mI (1936) Sensor: Sensor Designator: D87C[0m 
2024-11-06 09:00:55.102045 [0;32mI (1936) Sensor: Sensor MQTT Root Topic: SETE/sensors/sete003/D87C[0m 
2024-11-06 09:00:55.104044 [0;32mI (1936) Sensor: Internal Temperature: 40.40ºC[0m 
2024-11-06 09:00:55.105044 [0;32mI (1946) Sensor: Last Boot Reason: Software reset due to exception/panic[0m 
2024-11-06 09:00:55.106043 [0;32mI (1956) Sensor: Free memory: 259400 bytes[0m 
2024-11-06 09:00:55.107043 [0;32mI (1956) Sensor: IDF version: v5.3.1[0m 
2024-11-06 09:00:55.108043 [0;32mI (1956) Sensor: WiFi Connected: Yes[0m 
2024-11-06 09:00:55.109043 [0;32mI (1966) Sensor: Connected to 50 centavos a hora[0m 
2024-11-06 09:00:55.110042 [0;32mI (1966) Sensor: Password: ******************[0m 
2024-11-06 09:00:55.112042 [0;32mI (1976) Sensor: RSSI: -30[0m 
2024-11-06 09:00:55.113040 [0;32mI (1976) Sensor: Channel: 1[0m 
2024-11-06 09:00:55.114042 [0;32mI (1986) Sensor: AP BSSID: D8:C6:78:A8:59:48[0m 
2024-11-06 09:00:55.166032 [0;33mW (1986) Sensor: Sending all logs to MQTT from now on[0m 
2024-11-06 17:18:55.437826 [0;32mI (2136) Sensor: Sensor Name: Sonare D87C[0m 
2024-11-06 17:18:55.515800 [0;32mI (2136) Sensor: Sensor Designator: D87C[0m 
2024-11-06 17:18:55.517808 [0;32mI (2136) Sensor: Sensor MQTT Root Topic: SETE/sensors/sete003/D87C[0m 
2024-11-06 17:18:55.518805 [0;32mI (2136) Sensor: Internal Temperature: 39.40ºC[0m 
2024-11-06 17:18:55.519799 [0;32mI (2146) Sensor: Last Boot Reason: Software reset due to exception/panic[0m 
2024-11-06 17:18:55.520799 [0;32mI (2156) Sensor: Free memory: 259224 bytes[0m 
2024-11-06 17:18:55.522800 [0;32mI (2156) Sensor: IDF version: v5.3.1[0m 
2024-11-06 17:18:55.523796 [0;32mI (2166) Sensor: WiFi Connected: Yes[0m 
2024-11-06 17:18:55.524797 [0;32mI (2166) Sensor: Connected to 50 centavos a hora[0m 
2024-11-06 17:18:55.525795 [0;32mI (2176) Sensor: Password: ******************[0m 
2024-11-06 17:18:55.526796 [0;32mI (2176) Sensor: RSSI: -49[0m 
2024-11-06 17:18:55.527796 [0;32mI (2176) Sensor: Channel: 1[0m 
2024-11-06 17:18:55.528794 [0;32mI (2186) Sensor: AP BSSID: D8:C6:78:A8:59:48[0m 
2024-11-06 17:18:55.529794 [0;33mW (2186) Sensor: Sending all logs to MQTT from now on[0m 
2024-11-06 18:09:57.843636 [0;32mI (2076) Sensor: Sensor Name: Sonare D87C[0m 
2024-11-06 18:09:57.907614 [0;32mI (2086) Sensor: Sensor Designator: D87C[0m 
2024-11-06 18:09:57.908614 [0;32mI (2086) Sensor: Sensor MQTT Root Topic: SETE/sensors/sete003/D87C[0m 
2024-11-06 18:09:57.910614 [0;32mI (2086) Sensor: Internal Temperature: 38.40ºC[0m 
2024-11-06 18:09:57.911613 [0;32mI (2096) Sensor: Last Boot Reason: Software reset due to exception/panic[0m 
2024-11-06 18:09:57.913614 [0;32mI (2106) Sensor: Free memory: 259248 bytes[0m 
2024-11-06 18:09:57.914612 [0;32mI (2106) Sensor: IDF version: v5.3.1[0m 
2024-11-06 18:09:57.972593 [0;32mI (2116) Sensor: WiFi Connected: Yes[0m 
2024-11-06 18:09:57.974592 [0;32mI (2116) Sensor: Connected to 50 centavos a hora[0m 
2024-11-06 18:09:57.976593 [0;32mI (2116) Sensor: Password: ******************[0m 
2024-11-06 18:09:57.978592 [0;32mI (2126) Sensor: RSSI: -47[0m 
2024-11-06 18:09:57.979592 [0;32mI (2126) Sensor: Channel: 1[0m 
2024-11-06 18:09:57.981591 [0;32mI (2136) Sensor: AP BSSID: D8:C6:78:A8:59:48[0m 
2024-11-06 18:09:57.982590 [0;33mW (2136) Sensor: Sending all logs to MQTT from now on[0m 
2024-11-06 19:14:48.642051 [0;32mI (1946) Sensor: Sensor Name: Sonare D87C[0m 
2024-11-06 19:14:48.706029 [0;32mI (1946) Sensor: Sensor Designator: D87C[0m 
2024-11-06 19:14:48.708030 [0;32mI (1946) Sensor: Sensor MQTT Root Topic: SETE/sensors/sete003/D87C[0m 
2024-11-06 19:14:48.710028 [0;32mI (1956) Sensor: Internal Temperature: 40.40ºC[0m 
2024-11-06 19:14:48.712028 [0;32mI (1956) Sensor: Last Boot Reason: Software reset due to exception/panic[0m 
2024-11-06 19:14:48.713027 [0;32mI (1966) Sensor: Free memory: 259080 bytes[0m 
2024-11-06 19:14:48.714026 [0;32mI (1966) Sensor: IDF version: v5.3.1[0m 
2024-11-06 19:14:48.716026 [0;32mI (1976) Sensor: WiFi Connected: Yes[0m 
2024-11-06 19:14:48.717025 [0;32mI (1976) Sensor: Connected to 50 centavos a hora[0m 
2024-11-06 19:14:48.718025 [0;32mI (1986) Sensor: Password: ******************[0m 
2024-11-06 19:14:48.720026 [0;32mI (1986) Sensor: RSSI: -37[0m 
2024-11-06 19:14:48.721025 [0;32mI (1986) Sensor: Channel: 1[0m 
2024-11-06 19:14:48.722024 [0;32mI (1996) Sensor: AP BSSID: D8:C6:78:A8:59:48[0m 
2024-11-06 19:14:48.771007 [0;33mW (1996) Sensor: Sending all logs to MQTT from now on[0m 
2024-11-06 20:27:09.171028 [0;33mW (4342486) DETECTION: Target 0 traversed but exited_side is not defined | id: 22[0m 
2024-11-06 20:27:09.404996 [0;32mI (4342486) DETECTION: Entered: 0, Exited: 0, Gave up: 0[0m 
2024-11-07 00:28:20.945594 [0;32mI (2896) Sensor: Sensor Name: Sonare D87C[0m 
2024-11-07 00:28:21.003575 [0;32mI (2896) Sensor: Sensor Designator: D87C[0m 
2024-11-07 00:28:21.004574 [0;32mI (2896) Sensor: Sensor MQTT Root Topic: SETE/sensors/sete003/D87C[0m 
2024-11-07 00:28:21.005574 [0;32mI (2906) Sensor: Internal Temperature: 35.40ºC[0m 
2024-11-07 00:28:21.006574 [0;32mI (2906) Sensor: Last Boot Reason: Software reset due to exception/panic[0m 
2024-11-07 00:28:21.007575 [0;32mI (2916) Sensor: Free memory: 258600 bytes[0m 
2024-11-07 00:28:21.008574 [0;32mI (2926) Sensor: IDF version: v5.3.1[0m 
2024-11-07 00:28:21.008574 [0;32mI (2926) Sensor: WiFi Connected: Yes[0m 
2024-11-07 00:28:21.010572 [0;32mI (2926) Sensor: Connected to 50 centavos a hora[0m 
2024-11-07 00:28:21.010572 [0;32mI (2936) Sensor: Password: ******************[0m 
2024-11-07 00:28:21.012572 [0;32mI (2936) Sensor: RSSI: -41[0m 
2024-11-07 00:28:21.013572 [0;32mI (2946) Sensor: Channel: 1[0m 
2024-11-07 00:28:21.014572 [0;32mI (2946) Sensor: AP BSSID: D8:C6:78:A8:59:48[0m 
2024-11-07 00:28:21.061556 [0;33mW (2956) Sensor: Sending all logs to MQTT from now on[0m 
2024-11-07 01:01:05.409137 [0;32mI (2256) Sensor: Sensor Name: Sonare D87C[0m 
2024-11-07 01:01:05.467117 [0;32mI (2256) Sensor: Sensor Designator: D87C[0m 
2024-11-07 01:01:05.468115 [0;32mI (2256) Sensor: Sensor MQTT Root Topic: SETE/sensors/sete003/D87C[0m 
2024-11-07 01:01:05.470115 [0;32mI (2266) Sensor: Internal Temperature: 38.40ºC[0m 
2024-11-07 01:01:05.471116 [0;32mI (2266) Sensor: Last Boot Reason: Software reset due to exception/panic[0m 
2024-11-07 01:01:05.473115 [0;32mI (2276) Sensor: Free memory: 258880 bytes[0m 
2024-11-07 01:01:05.474114 [0;32mI (2286) Sensor: IDF version: v5.3.1[0m 
2024-11-07 01:01:05.475114 [0;32mI (2286) Sensor: WiFi Connected: Yes[0m 
2024-11-07 01:01:05.476114 [0;32mI (2286) Sensor: Connected to 50 centavos a hora[0m 
2024-11-07 01:01:05.477113 [0;32mI (2296) Sensor: Password: ******************[0m 
2024-11-07 01:01:05.480112 [0;32mI (2296) Sensor: RSSI: -35[0m 
2024-11-07 01:01:05.523097 [0;32mI (2306) Sensor: Channel: 1[0m 
2024-11-07 01:01:05.525097 [0;32mI (2306) Sensor: AP BSSID: D8:C6:78:A8:59:48[0m 
2024-11-07 01:01:05.526096 [0;33mW (2316) Sensor: Sending all logs to MQTT from now on[0m 
2024-11-07 02:09:53.652956 [0;32mI (1986) Sensor: Sensor Name: Sonare D87C[0m 
2024-11-07 02:09:53.659954 [0;32mI (1986) Sensor: Sensor Designator: D87C[0m 
2024-11-07 02:09:53.660954 [0;32mI (1986) Sensor: Sensor MQTT Root Topic: SETE/sensors/sete003/D87C[0m 
2024-11-07 02:09:53.661954 [0;32mI (1996) Sensor: Internal Temperature: 39.40ºC[0m 
2024-11-07 02:09:53.662953 [0;32mI (1996) Sensor: Last Boot Reason: Software reset due to exception/panic[0m 
2024-11-07 02:09:53.663953 [0;32mI (2006) Sensor: Free memory: 259260 bytes[0m 
2024-11-07 02:09:53.664952 [0;32mI (2006) Sensor: IDF version: v5.3.1[0m 
2024-11-07 02:09:53.665954 [0;32mI (2016) Sensor: WiFi Connected: Yes[0m 
2024-11-07 02:09:53.666952 [0;32mI (2016) Sensor: Connected to 50 centavos a hora[0m 
2024-11-07 02:09:53.667951 [0;32mI (2026) Sensor: Password: ******************[0m 
2024-11-07 02:09:53.668951 [0;32mI (2026) Sensor: RSSI: -37[0m 
2024-11-07 02:09:53.669952 [0;32mI (2026) Sensor: Channel: 1[0m 
2024-11-07 02:09:53.670951 [0;32mI (2036) Sensor: AP BSSID: D8:C6:78:A8:59:48[0m 
2024-11-07 02:09:53.671951 [0;33mW (2036) Sensor: Sending all logs to MQTT from now on[0m 
2024-11-07 02:42:07.519825 [0;32mI (2076) Sensor: Sensor Name: Sonare D87C[0m 
2024-11-07 02:42:07.581023 [0;32mI (2076) Sensor: Sensor Designator: D87C[0m 
2024-11-07 02:42:07.584021 [0;32mI (2076) Sensor: Sensor MQTT Root Topic: SETE/sensors/sete003/D87C[0m 
2024-11-07 02:42:07.586019 [0;32mI (2086) Sensor: Internal Temperature: 35.40ºC[0m 
2024-11-07 02:42:07.588019 [0;32mI (2086) Sensor: Last Boot Reason: Software reset due to exception/panic[0m 
2024-11-07 02:42:07.589016 [0;32mI (2096) Sensor: Free memory: 259216 bytes[0m 
2024-11-07 02:42:07.591015 [0;32mI (2106) Sensor: IDF version: v5.3.1[0m 
2024-11-07 02:42:07.593017 [0;32mI (2106) Sensor: WiFi Connected: Yes[0m 
2024-11-07 02:42:07.595014 [0;32mI (2106) Sensor: Connected to 50 centavos a hora[0m 
2024-11-07 02:42:07.598016 [0;32mI (2116) Sensor: Password: ******************[0m 
2024-11-07 02:42:07.649999 [0;32mI (2116) Sensor: RSSI: -36[0m 
2024-11-07 02:42:07.652998 [0;32mI (2126) Sensor: Channel: 1[0m 
2024-11-07 02:42:07.655997 [0;32mI (2126) Sensor: AP BSSID: D8:C6:78:A8:59:48[0m 
2024-11-07 02:42:07.658995 [0;33mW (2136) Sensor: Sending all logs to MQTT from now on[0m 
2024-11-07 03:14:25.862997 [0;32mI (2076) Sensor: Sensor Name: Sonare D87C[0m 
2024-11-07 03:14:25.925002 [0;32mI (2076) Sensor: Sensor Designator: D87C[0m 
2024-11-07 03:14:25.927002 [0;32mI (2076) Sensor: Sensor MQTT Root Topic: SETE/sensors/sete003/D87C[0m 
2024-11-07 03:14:25.929000 [0;32mI (2086) Sensor: Internal Temperature: 34.40ºC[0m 
2024-11-07 03:14:25.930000 [0;32mI (2086) Sensor: Last Boot Reason: Software reset due to exception/panic[0m 
2024-11-07 03:14:25.931000 [0;32mI (2096) Sensor: Free memory: 259388 bytes[0m 
2024-11-07 03:14:25.932998 [0;32mI (2106) Sensor: IDF version: v5.3.1[0m 
2024-11-07 03:14:25.933997 [0;32mI (2106) Sensor: WiFi Connected: Yes[0m 
2024-11-07 03:14:25.935997 [0;32mI (2106) Sensor: Connected to 50 centavos a hora[0m 
2024-11-07 03:14:25.936997 [0;32mI (2116) Sensor: Password: ******************[0m 
2024-11-07 03:14:25.987986 [0;32mI (2126) Sensor: RSSI: -36[0m 
2024-11-07 03:14:25.989984 [0;32mI (2126) Sensor: Channel: 1[0m 
2024-11-07 03:14:25.992981 [0;32mI (2126) Sensor: AP BSSID: D8:C6:78:A8:59:48[0m 
2024-11-07 03:14:25.995981 [0;33mW (2136) Sensor: Sending all logs to MQTT from now on[0m 
2024-11-07 03:46:48.878031 [0;32mI (1986) Sensor: Sensor Name: Sonare D87C[0m 
2024-11-07 03:46:48.935111 [0;32mI (1986) Sensor: Sensor Designator: D87C[0m 
2024-11-07 03:46:48.941110 [0;32mI (1986) Sensor: Sensor MQTT Root Topic: SETE/sensors/sete003/D87C[0m 
2024-11-07 03:46:48.943108 [0;32mI (1996) Sensor: Internal Temperature: 34.40ºC[0m 
2024-11-07 03:46:48.946110 [0;32mI (1996) Sensor: Last Boot Reason: Software reset due to exception/panic[0m 
2024-11-07 03:46:48.948109 [0;32mI (2006) Sensor: Free memory: 259376 bytes[0m 
2024-11-07 03:46:48.992115 [0;32mI (2016) Sensor: IDF version: v5.3.1[0m 
2024-11-07 03:46:48.994113 [0;32mI (2016) Sensor: WiFi Connected: Yes[0m 
2024-11-07 03:46:48.997112 [0;32mI (2016) Sensor: Connected to 50 centavos a hora[0m 
2024-11-07 03:46:48.999111 [0;32mI (2026) Sensor: Password: ******************[0m 
2024-11-07 03:46:49.001111 [0;32mI (2026) Sensor: RSSI: -35[0m 
2024-11-07 03:46:49.003110 [0;32mI (2036) Sensor: Channel: 1[0m 
2024-11-07 03:46:49.005110 [0;32mI (2036) Sensor: AP BSSID: D8:C6:78:A8:59:48[0m 
2024-11-07 03:46:49.008108 [0;33mW (2046) Sensor: Sending all logs to MQTT from now on[0m 
2024-11-07 04:18:53.110941 [0;32mI (2496) Sensor: Sensor Name: Sonare D87C[0m 
2024-11-07 04:18:53.171919 [0;32mI (2506) Sensor: Sensor Designator: D87C[0m 
2024-11-07 04:18:53.173918 [0;32mI (2506) Sensor: Sensor MQTT Root Topic: SETE/sensors/sete003/D87C[0m 
2024-11-07 04:18:53.175916 [0;32mI (2506) Sensor: Internal Temperature: 33.40ºC[0m 
2024-11-07 04:18:53.177917 [0;32mI (2516) Sensor: Last Boot Reason: Software reset due to exception/panic[0m 
2024-11-07 04:18:53.178915 [0;32mI (2516) Sensor: Free memory: 259392 bytes[0m 
2024-11-07 04:18:53.180916 [0;32mI (2526) Sensor: IDF version: v5.3.1[0m 
2024-11-07 04:18:53.181914 [0;32mI (2526) Sensor: WiFi Connected: Yes[0m 
2024-11-07 04:18:53.182915 [0;32mI (2536) Sensor: Connected to 50 centavos a hora[0m 
2024-11-07 04:18:53.184915 [0;32mI (2536) Sensor: Password: ******************[0m 
2024-11-07 04:18:53.185914 [0;32mI (2546) Sensor: RSSI: -36[0m 
2024-11-07 04:18:53.186915 [0;32mI (2546) Sensor: Channel: 1[0m 
2024-11-07 04:18:53.187914 [0;32mI (2546) Sensor: AP BSSID: D8:C6:78:A8:59:48[0m 
2024-11-07 04:18:53.233944 [0;33mW (2556) Sensor: Sending all logs to MQTT from now on[0m 
2024-11-07 04:50:56.998965 [0;32mI (2166) Sensor: Sensor Name: Sonare D87C[0m 
2024-11-07 04:50:57.060949 [0;32mI (2166) Sensor: Sensor Designator: D87C[0m 
2024-11-07 04:50:57.063948 [0;32mI (2166) Sensor: Sensor MQTT Root Topic: SETE/sensors/sete003/D87C[0m 
2024-11-07 04:50:57.068947 [0;32mI (2176) Sensor: Internal Temperature: 33.40ºC[0m 
2024-11-07 04:50:57.071946 [0;32mI (2176) Sensor: Last Boot Reason: Software reset due to exception/panic[0m 
2024-11-07 04:50:57.073942 [0;32mI (2186) Sensor: Free memory: 258972 bytes[0m 
2024-11-07 04:50:57.076944 [0;32mI (2196) Sensor: IDF version: v5.3.1[0m 
2024-11-07 04:50:57.079943 [0;32mI (2196) Sensor: WiFi Connected: Yes[0m 
2024-11-07 04:50:57.081942 [0;32mI (2196) Sensor: Connected to 50 centavos a hora[0m 
2024-11-07 04:50:57.083941 [0;32mI (2206) Sensor: Password: ******************[0m 
2024-11-07 04:50:57.086937 [0;32mI (2206) Sensor: RSSI: -35[0m 
2024-11-07 04:50:57.087937 [0;32mI (2216) Sensor: Channel: 1[0m 
2024-11-07 04:50:57.121926 [0;32mI (2216) Sensor: AP BSSID: D8:C6:78:A8:59:48[0m 
2024-11-07 04:50:57.123925 [0;33mW (2226) Sensor: Sending all logs to MQTT from now on[0m 
2024-11-07 05:23:10.752029 [0;32mI (2416) Sensor: Sensor Name: Sonare D87C[0m 
2024-11-07 05:23:10.814031 [0;32mI (2426) Sensor: Sensor Designator: D87C[0m 
2024-11-07 05:23:10.816031 [0;32mI (2426) Sensor: Sensor MQTT Root Topic: SETE/sensors/sete003/D87C[0m 
2024-11-07 05:23:10.817031 [0;32mI (2426) Sensor: Internal Temperature: 32.40ºC[0m 
2024-11-07 05:23:10.819030 [0;32mI (2436) Sensor: Last Boot Reason: Software reset due to exception/panic[0m 
2024-11-07 05:23:10.820029 [0;32mI (2436) Sensor: Free memory: 258972 bytes[0m 
2024-11-07 05:23:10.821028 [0;32mI (2446) Sensor: IDF version: v5.3.1[0m 
2024-11-07 05:23:10.822028 [0;32mI (2446) Sensor: WiFi Connected: Yes[0m 
2024-11-07 05:23:10.825028 [0;32mI (2456) Sensor: Connected to 50 centavos a hora[0m 
2024-11-07 05:23:10.826027 [0;32mI (2456) Sensor: Password: ******************[0m 
2024-11-07 05:23:10.827026 [0;32mI (2466) Sensor: RSSI: -35[0m 
2024-11-07 05:23:10.876010 [0;32mI (2466) Sensor: Channel: 1[0m 
2024-11-07 05:23:10.877011 [0;32mI (2466) Sensor: AP BSSID: D8:C6:78:A8:59:48[0m 
2024-11-07 05:23:10.878010 [0;33mW (2476) Sensor: Sending all logs to MQTT from now on[0m 
2024-11-07 05:56:18.776451 [0;32mI (8817) Sensor: Sensor Name: Sonare D87C[0m 
2024-11-07 05:56:18.837910 [0;32mI (8817) Sensor: Sensor Designator: D87C[0m 
2024-11-07 05:56:18.840909 [0;32mI (8817) Sensor: Sensor MQTT Root Topic: SETE/sensors/sete003/D87C[0m 
2024-11-07 05:56:18.843909 [0;32mI (8827) Sensor: Internal Temperature: 37.40ºC[0m 
2024-11-07 05:56:18.845908 [0;32mI (8827) Sensor: Last Boot Reason: Software reset due to exception/panic[0m 
2024-11-07 05:56:18.847906 [0;32mI (8837) Sensor: Free memory: 259032 bytes[0m 
2024-11-07 05:56:18.850904 [0;32mI (8847) Sensor: IDF version: v5.3.1[0m 
2024-11-07 05:56:18.852902 [0;32mI (8847) Sensor: WiFi Connected: Yes[0m 
2024-11-07 05:56:18.855902 [0;32mI (8847) Sensor: Connected to 50 centavos a hora[0m 
2024-11-07 05:56:18.898929 [0;32mI (8857) Sensor: Password: ******************[0m 
2024-11-07 05:56:18.901927 [0;32mI (8857) Sensor: RSSI: -84[0m 
2024-11-07 05:56:18.903927 [0;32mI (8867) Sensor: Channel: 4[0m 
2024-11-07 05:56:18.906925 [0;32mI (8867) Sensor: AP BSSID: CC:32:E5:C5:52:DA[0m 
2024-11-07 05:56:18.908924 [0;33mW (8877) Sensor: Sending all logs to MQTT from now on[0m 
2024-11-07 06:28:50.458521 [0;32mI (2666) Sensor: Sensor Name: Sonare D87C[0m 
2024-11-07 06:28:50.757963 [0;32mI (2666) Sensor: Sensor Designator: D87C[0m 
2024-11-07 06:28:50.858930 [0;32mI (2666) Sensor: Sensor MQTT Root Topic: SETE/sensors/sete003/D87C[0m 
2024-11-07 06:28:50.860929 [0;32mI (2676) Sensor: Internal Temperature: 37.40ºC[0m 
2024-11-07 06:28:50.861929 [0;32mI (2676) Sensor: Last Boot Reason: Software reset due to exception/panic[0m 
2024-11-07 06:28:50.862928 [0;32mI (2686) Sensor: Free memory: 258972 bytes[0m 
2024-11-07 06:28:50.864926 [0;32mI (2686) Sensor: IDF version: v5.3.1[0m 
2024-11-07 06:28:50.865927 [0;32mI (2696) Sensor: WiFi Connected: Yes[0m 
2024-11-07 06:28:50.867926 [0;32mI (2696) Sensor: Connected to 50 centavos a hora[0m 
2024-11-07 06:28:50.869928 [0;32mI (2706) Sensor: Password: ******************[0m 
2024-11-07 06:28:50.872925 [0;32mI (2706) Sensor: RSSI: -84[0m 
2024-11-07 06:28:50.875923 [0;32mI (2716) Sensor: Channel: 4[0m 
2024-11-07 06:28:50.876923 [0;32mI (2716) Sensor: AP BSSID: CC:32:E5:C5:52:DA[0m 
2024-11-07 06:28:50.878922 [0;33mW (2716) Sensor: Sending all logs to MQTT from now on[0m 
2024-11-07 06:33:04.715965 I (256936) wifi 
2024-11-07 06:33:04.775959 bcn_timeout,ap_probe_send_star 
2024-11-07 06:33:04.778958 
 
2024-11-07 06:33:37.473866 I (289706) wifi 
2024-11-07 06:33:37.530912 bcn_timeout,ap_probe_send_star 
2024-11-07 06:33:37.533911 
 
2024-11-07 06:33:38.868292 bcn_timeout,ap_probe_send_star 
2024-11-07 06:33:48.157004 I (300366) wifi 
2024-11-07 06:33:48.214223 bcn_timeout,ap_probe_send_star 
2024-11-07 06:33:48.216225 
 
2024-11-07 06:34:02.759854 I (314986) wifi 
2024-11-07 06:34:02.817834 bcn_timeout,ap_probe_send_star 
2024-11-07 06:34:02.819832 
 
2024-11-07 06:34:12.137802 I (324366) wifi 
2024-11-07 06:34:12.196787 bcn_timeout,ap_probe_send_star 
2024-11-07 06:34:12.198785 
 
2024-11-07 06:34:40.791540 I (353026) wifi 
2024-11-07 06:34:40.850518 bcn_timeout,ap_probe_send_star 
2024-11-07 06:34:40.854514 
 
2024-11-07 06:34:41.874970 
 
2024-11-07 06:34:46.566031 
 
2024-11-07 06:34:46.623050 
 
2024-11-07 06:34:46.627052 
 
2024-11-07 06:34:46.630045 
 
2024-11-07 06:35:03.135023 I (375366) wifi 
2024-11-07 06:35:03.192066 bcn_timeout,ap_probe_send_star 
2024-11-07 06:35:03.194066 
 
2024-11-07 06:35:12.665738 I (384886) wifi 
2024-11-07 06:35:12.725013 bcn_timeout,ap_probe_send_star 
2024-11-07 06:35:12.726322 
 
2024-11-07 06:35:38.444924 I (410646) wifi 
2024-11-07 06:35:38.503942 bcn_timeout,ap_probe_send_star 
2024-11-07 06:35:38.505940 
 
2024-11-07 06:35:39.515006 
 
2024-11-07 06:36:02.463046 I (434676) wifi 
2024-11-07 06:36:02.519157 bcn_timeout,ap_probe_send_star 
2024-11-07 06:36:02.522150 
 
2024-11-07 06:36:03.869531 bcn_timeout,ap_probe_send_star 
2024-11-07 06:36:13.143645 I (445366) wifi 
2024-11-07 06:36:13.201017 bcn_timeout,ap_probe_send_star 
2024-11-07 06:36:13.203015 
 
2024-11-07 06:46:29.481016 I (1061716) wifi 
2024-11-07 06:46:29.543015 bcn_timeout,ap_probe_send_star 
2024-11-07 06:46:29.546014 
 
2024-11-07 07:00:34.769932 [0;32mI (2756) Sensor: Sensor Name: Sonare D87C[0m 
2024-11-07 07:00:34.831551 [0;32mI (2756) Sensor: Sensor Designator: D87C[0m 
2024-11-07 07:00:34.834550 [0;32mI (2756) Sensor: Sensor MQTT Root Topic: SETE/sensors/sete003/D87C[0m 
2024-11-07 07:00:34.836547 [0;32mI (2766) Sensor: Internal Temperature: 36.40ºC[0m 
2024-11-07 07:00:34.839548 [0;32mI (2766) Sensor: Last Boot Reason: Software reset due to exception/panic[0m 
2024-11-07 07:00:34.841548 [0;32mI (2776) Sensor: Free memory: 258976 bytes[0m 
2024-11-07 07:00:34.843547 [0;32mI (2786) Sensor: IDF version: v5.3.1[0m 
2024-11-07 07:00:34.846549 [0;32mI (2786) Sensor: WiFi Connected: Yes[0m 
2024-11-07 07:00:34.848546 [0;32mI (2786) Sensor: Connected to 50 centavos a hora[0m 
2024-11-07 07:00:34.850544 [0;32mI (2796) Sensor: Password: ******************[0m 
2024-11-07 07:00:34.891529 [0;32mI (2796) Sensor: RSSI: -84[0m 
2024-11-07 07:00:34.893527 [0;32mI (2806) Sensor: Channel: 4[0m 
2024-11-07 07:00:34.895527 [0;32mI (2806) Sensor: AP BSSID: CC:32:E5:C5:52:DA[0m 
2024-11-07 07:00:34.897528 [0;33mW (2816) Sensor: Sending all logs to MQTT from now on[0m 
2024-11-07 07:26:20.096967 I (1548076) wifi 
2024-11-07 07:26:20.159947 bcn_timeout,ap_probe_send_star 
2024-11-07 07:26:20.161946 
 
2024-11-07 07:26:31.382072 I (1559346) wifi 
2024-11-07 07:26:31.443019 bcn_timeout,ap_probe_send_star 
2024-11-07 07:26:31.446019 
 
2024-11-07 07:26:46.195006 I (1574166) wifi 
2024-11-07 07:26:46.301992 bcn_timeout,ap_probe_send_star 
2024-11-07 07:26:46.364001 
 
2024-11-07 07:26:59.641861 I (1587616) wifi 
2024-11-07 07:26:59.703922 bcn_timeout,ap_probe_send_star 
2024-11-07 07:26:59.705921 
 
2024-11-07 07:27:16.131450 I (1604116) wifi 
2024-11-07 07:27:16.201430 bcn_timeout,ap_probe_send_star 
2024-11-07 07:27:16.202428 
 
2024-11-07 07:27:25.627947 I (1613616) wifi 
2024-11-07 07:27:25.785964 bcn_timeout,ap_probe_send_star 
2024-11-07 07:27:25.845981 
 
2024-11-07 07:27:27.127013 bcn_timeout,ap_probe_send_star 
2024-11-07 07:27:46.820932 I (1634786) wifi 
2024-11-07 07:27:46.882911 bcn_timeout,ap_probe_send_star 
2024-11-07 07:27:46.883911 
 
2024-11-07 07:28:00.379985 I (1648366) wifi 
2024-11-07 07:28:00.561007 bcn_timeout,ap_probe_send_star 
2024-11-07 07:28:00.622007 
 
2024-11-07 07:28:16.650656 I (1664616) wifi 
2024-11-07 07:28:16.711024 bcn_timeout,ap_probe_send_star 
2024-11-07 07:28:16.713024 
 
2024-11-07 07:28:26.141957 I (1674116) wifi 
2024-11-07 07:28:26.201935 bcn_timeout,ap_probe_send_star 
2024-11-07 07:28:26.203934 
 
2024-11-07 07:28:38.777735 I (1686746) wifi 
2024-11-07 07:28:38.838031 bcn_timeout,ap_probe_send_star 
2024-11-07 07:28:38.841028 
 
2024-11-07 07:28:49.633833 I (1697616) wifi 
2024-11-07 07:28:49.695812 bcn_timeout,ap_probe_send_star 
2024-11-07 07:28:49.697811 
 
2024-11-07 07:29:06.930107 I (1714896) wifi 
2024-11-07 07:29:07.106083 bcn_timeout,ap_probe_send_star 
2024-11-07 07:29:07.174050 
 
2024-11-07 07:29:08.127129 bcn_timeout,ap_probe_send_star 
2024-11-07 07:29:19.212983 I (1727186) wifi 
2024-11-07 07:29:19.273018 bcn_timeout,ap_probe_send_star 
2024-11-07 07:29:19.276018 
 
2024-11-07 07:29:22.130503 bcn_timeout,ap_probe_send_star 
2024-11-07 07:29:22.192502 bcn_timeout,ap_probe_send_star 
2024-11-07 07:29:47.130996 I (1755116) wifi 
2024-11-07 07:29:47.193000 bcn_timeout,ap_probe_send_star 
2024-11-07 07:29:47.195995 
 
2024-11-07 07:30:05.620993 I (1773576) wifi 
2024-11-07 07:30:05.684634 bcn_timeout,ap_probe_send_star 
2024-11-07 07:30:05.686633 
 
2024-11-07 07:30:22.703985 I (1790676) wifi 
2024-11-07 07:33:12.696035 [0;32mI (1956) Sensor: Sensor Name: Sonare D87C[0m 
2024-11-07 07:33:12.758012 [0;32mI (1966) Sensor: Sensor Designator: D87C[0m 
2024-11-07 07:33:12.761009 [0;32mI (1966) Sensor: Sensor MQTT Root Topic: SETE/sensors/sete003/D87C[0m 
2024-11-07 07:33:12.764011 [0;32mI (1976) Sensor: Internal Temperature: 41.40ºC[0m 
2024-11-07 07:33:12.767010 [0;32mI (1976) Sensor: Last Boot Reason: Software reset due to exception/panic[0m 
2024-11-07 07:33:12.769009 [0;32mI (1986) Sensor: Free memory: 259604 bytes[0m 
2024-11-07 07:33:12.771006 [0;32mI (1996) Sensor: IDF version: v5.3.1[0m 
2024-11-07 07:33:12.774005 [0;32mI (1996) Sensor: WiFi Connected: Yes[0m 
2024-11-07 07:33:12.777007 [0;32mI (1996) Sensor: Connected to 50 centavos a hora[0m 
2024-11-07 07:33:12.779006 [0;32mI (2006) Sensor: Password: ******************[0m 
2024-11-07 07:33:12.781002 [0;32mI (2006) Sensor: RSSI: -83[0m 
2024-11-07 07:33:12.784004 [0;32mI (2016) Sensor: Channel: 4[0m 
2024-11-07 07:33:15.863079 [0;32mI (2966) Sensor: Sensor Name: Sonare D87C[0m 
2024-11-07 07:33:15.926138 [0;32mI (2966) Sensor: Sensor Designator: D87C[0m 
2024-11-07 07:33:15.929140 [0;32mI (2976) Sensor: Sensor MQTT Root Topic: SETE/sensors/sete003/D87C[0m 
2024-11-07 07:33:15.932138 [0;32mI (2976) Sensor: Internal Temperature: 41.40ºC[0m 
2024-11-07 07:33:15.934137 [0;32mI (2986) Sensor: Last Boot Reason: Software reset due to exception/panic[0m 
2024-11-07 07:33:15.936135 [0;32mI (2986) Sensor: Free memory: 258972 bytes[0m 
2024-11-07 07:33:15.938135 [0;32mI (2996) Sensor: IDF version: v5.3.1[0m 
2024-11-07 07:33:15.940134 [0;32mI (2996) Sensor: WiFi Connected: Yes[0m 
2024-11-07 07:33:15.987170 [0;32mI (3006) Sensor: Connected to 50 centavos a hora[0m 
2024-11-07 07:33:15.990168 [0;32mI (3006) Sensor: Password: ******************[0m 
2024-11-07 07:33:15.993165 [0;32mI (3016) Sensor: RSSI: -86[0m 
2024-11-07 07:33:15.998163 [0;32mI (3016) Sensor: Channel: 4[0m 
2024-11-07 07:33:16.000162 [0;32mI (3016) Sensor: AP BSSID: CC:32:E5:C5:52:DA[0m 
2024-11-07 07:33:16.002161 [0;33mW (3026) Sensor: Sending all logs to MQTT from now on[0m 
2024-11-07 07:47:41.766014 I (868826) wifi 
2024-11-07 07:47:43.025034 bcn_timeout,ap_probe_send_star 
2024-11-07 07:47:43.084019 
 
2024-11-07 07:47:43.729091 I (868826) wifi 
2024-11-07 07:47:59.030096 I (886116) wifi 
2024-11-07 07:47:59.087060 bcn_timeout,ap_probe_send_star 
2024-11-07 07:47:59.090061 
 
2024-11-07 07:48:08.528587 I (895616) wifi 
2024-11-07 07:48:08.589569 bcn_timeout,ap_probe_send_star 
2024-11-07 07:48:08.591568 
 
2024-11-07 07:48:45.953040 I (933036) wifi 
2024-11-07 07:48:46.011009 bcn_timeout,ap_probe_send_star 
2024-11-07 07:48:46.014011 
 
2024-11-07 07:48:57.998975 I (945086) wifi 
2024-11-07 07:51:59.381002 [0;32mI (2596) Sensor: Sensor Name: Sonare D87C[0m 
2024-11-07 07:51:59.433036 [0;32mI (2606) Sensor: Sensor Designator: D87C[0m 
2024-11-07 07:51:59.436034 [0;32mI (2606) Sensor: Sensor MQTT Root Topic: SETE/sensors/sete003/D87C[0m 
2024-11-07 07:51:59.438033 [0;32mI (2606) Sensor: Internal Temperature: 41.40ºC[0m 
2024-11-07 07:51:59.440036 [0;32mI (2616) Sensor: Last Boot Reason: Software reset due to exception/panic[0m 
2024-11-07 07:51:59.443032 [0;32mI (2626) Sensor: Free memory: 259016 bytes[0m 
2024-11-07 07:51:59.491037 [0;32mI (2626) Sensor: IDF version: v5.3.1[0m 
2024-11-07 07:51:59.494034 [0;32mI (2636) Sensor: WiFi Connected: Yes[0m 
2024-11-07 07:51:59.497033 [0;32mI (2636) Sensor: Connected to 50 centavos a hora[0m 
2024-11-07 07:51:59.499033 [0;32mI (2636) Sensor: Password: ******************[0m 
2024-11-07 07:51:59.502031 [0;32mI (2646) Sensor: RSSI: -85[0m 
2024-11-07 07:51:59.504031 [0;32mI (2646) Sensor: Channel: 4[0m 
2024-11-07 07:51:59.506030 [0;32mI (2656) Sensor: AP BSSID: CC:32:E5:C5:52:DA[0m 
2024-11-07 07:51:59.548019 [0;33mW (2656) Sensor: Sending all logs to MQTT from now on[0m 
2024-11-07 08:36:03.451021 I (2646646) wifi 
2024-11-07 08:36:03.512033 bcn_timeout,ap_probe_send_star 
2024-11-07 08:36:03.514033 
 
2024-11-07 08:38:36.972969 I (2800176) wifi 
2024-11-07 08:38:41.960876 [0;32mI (2376) Sensor: Sensor Name: Sonare D87C[0m 
2024-11-07 08:38:42.027852 [0;32mI (2376) Sensor: Sensor Designator: D87C[0m 
2024-11-07 08:38:42.030854 [0;32mI (2376) Sensor: Sensor MQTT Root Topic: SETE/sensors/sete003/D87C[0m 
2024-11-07 08:38:42.033853 [0;32mI (2386) Sensor: Internal Temperature: 37.40ºC[0m 
2024-11-07 08:38:42.036852 [0;32mI (2386) Sensor: Last Boot Reason: Software reset due to exception/panic[0m 
2024-11-07 08:38:42.039850 [0;32mI (2396) Sensor: Free memory: 258864 bytes[0m 
2024-11-07 08:38:42.042848 [0;32mI (2406) Sensor: IDF version: v5.3.1[0m 
2024-11-07 08:38:42.044846 [0;32mI (2406) Sensor: WiFi Connected: Yes[0m 
2024-11-07 08:38:42.046845 [0;32mI (2406) Sensor: Connected to 50 centavos a hora[0m 
2024-11-07 08:38:42.049848 [0;32mI (2416) Sensor: Password: ******************[0m 
2024-11-07 08:38:42.051847 [0;32mI (2416) Sensor: RSSI: -35[0m 
2024-11-07 08:38:42.053846 [0;32mI (2426) Sensor: Channel: 1[0m 
2024-11-07 08:38:42.056848 [0;32mI (2426) Sensor: AP BSSID: D8:C6:78:A8:59:48[0m 
2024-11-07 08:38:42.058844 [0;33mW (2436) Sensor: Sending all logs to MQTT from now on[0m 
2024-11-07 09:10:58.226080 [0;32mI (2366) Sensor: Sensor Name: Sonare D87C[0m 
2024-11-07 09:10:58.289071 [0;32mI (2366) Sensor: Sensor Designator: D87C[0m 
2024-11-07 09:10:58.292070 [0;32mI (2376) Sensor: Sensor MQTT Root Topic: SETE/sensors/sete003/D87C[0m 
2024-11-07 09:10:58.295066 [0;32mI (2376) Sensor: Internal Temperature: 31.40ºC[0m 
2024-11-07 09:10:58.301064 [0;32mI (2376) Sensor: Last Boot Reason: Software reset due to exception/panic[0m 
2024-11-07 09:10:58.304064 [0;32mI (2386) Sensor: Free memory: 258660 bytes[0m 
2024-11-07 09:10:58.306065 [0;32mI (2396) Sensor: IDF version: v5.3.1[0m 
2024-11-07 09:10:58.308064 [0;32mI (2396) Sensor: WiFi Connected: Yes[0m 
2024-11-07 09:10:58.310064 [0;32mI (2406) Sensor: Connected to 50 centavos a hora[0m 
2024-11-07 09:10:58.313064 [0;32mI (2406) Sensor: Password: ******************[0m 
2024-11-07 09:10:58.315063 [0;32mI (2406) Sensor: RSSI: -34[0m 
2024-11-07 09:10:58.317062 [0;32mI (2416) Sensor: Channel: 1[0m 
2024-11-07 09:10:58.319062 [0;32mI (2416) Sensor: AP BSSID: D8:C6:78:A8:59:48[0m 
2024-11-07 09:10:58.322061 [0;33mW (2426) Sensor: Sending all logs to MQTT from now on[0m 
2024-11-07 09:44:01.908949 [0;32mI (2256) Sensor: Sensor Name: Sonare D87C[0m 
2024-11-07 09:44:01.967913 [0;32mI (2256) Sensor: Sensor Designator: D87C[0m 
2024-11-07 09:44:01.970911 [0;32mI (2256) Sensor: Sensor MQTT Root Topic: SETE/sensors/sete003/D87C[0m 
2024-11-07 09:44:01.973910 [0;32mI (2266) Sensor: Internal Temperature: 37.40ºC[0m 
2024-11-07 09:44:01.975910 [0;32mI (2266) Sensor: Last Boot Reason: Software reset due to exception/panic[0m 
2024-11-07 09:44:01.977909 [0;32mI (2276) Sensor: Free memory: 258680 bytes[0m 
2024-11-07 09:44:01.980907 [0;32mI (2286) Sensor: IDF version: v5.3.1[0m 
2024-11-07 09:44:01.983906 [0;32mI (2286) Sensor: WiFi Connected: Yes[0m 
2024-11-07 09:44:01.985908 [0;32mI (2286) Sensor: Connected to 50 centavos a hora[0m 
2024-11-07 09:44:01.988906 [0;32mI (2296) Sensor: Password: ******************[0m 
2024-11-07 09:44:01.990906 [0;32mI (2296) Sensor: RSSI: -35[0m 
2024-11-07 09:44:01.992904 [0;32mI (2306) Sensor: Channel: 1[0m 
2024-11-07 09:44:01.995902 [0;32mI (2306) Sensor: AP BSSID: D8:C6:78:A8:59:48[0m 
2024-11-07 09:44:02.027020 [0;33mW (2316) Sensor: Sending all logs to MQTT from now on[0m 
2024-11-07 10:16:16.175656 [0;32mI (2116) Sensor: Sensor Name: Sonare D87C[0m 
2024-11-07 10:16:16.236948 [0;32mI (2116) Sensor: Sensor Designator: D87C[0m 
2024-11-07 10:16:16.238947 [0;32mI (2116) Sensor: Sensor MQTT Root Topic: SETE/sensors/sete003/D87C[0m 
2024-11-07 10:16:16.241949 [0;32mI (2126) Sensor: Internal Temperature: 36.40ºC[0m 
2024-11-07 10:16:16.244315 [0;32mI (2126) Sensor: Last Boot Reason: Software reset due to exception/panic[0m 
2024-11-07 10:16:16.247314 [0;32mI (2136) Sensor: Free memory: 259240 bytes[0m 
2024-11-07 10:16:16.249313 [0;32mI (2136) Sensor: IDF version: v5.3.1[0m 
2024-11-07 10:16:16.251312 [0;32mI (2146) Sensor: WiFi Connected: Yes[0m 
2024-11-07 10:16:16.253311 [0;32mI (2146) Sensor: Connected to 50 centavos a hora[0m 
2024-11-07 10:16:16.255310 [0;32mI (2156) Sensor: Password: ******************[0m 
2024-11-07 10:16:16.297996 [0;32mI (2156) Sensor: RSSI: -34[0m 
2024-11-07 10:16:16.301996 [0;32mI (2166) Sensor: Channel: 1[0m 
2024-11-07 10:16:16.304995 [0;32mI (2166) Sensor: AP BSSID: D8:C6:78:A8:59:48[0m 
2024-11-07 10:16:16.306993 [0;33mW (2176) Sensor: Sending all logs to MQTT from now on[0m 
2024-11-07 10:48:16.791992 [0;32mI (1966) Sensor: Sensor Name: Sonare D87C[0m 
2024-11-07 10:48:16.854042 [0;32mI (1976) Sensor: Sensor Designator: D87C[0m 
2024-11-07 10:48:16.859038 [0;32mI (1976) Sensor: Sensor MQTT Root Topic: SETE/sensors/sete003/D87C[0m 
2024-11-07 10:48:16.862038 [0;32mI (1976) Sensor: Internal Temperature: 37.40ºC[0m 
2024-11-07 10:48:16.865036 [0;32mI (1986) Sensor: Last Boot Reason: Software reset due to exception/panic[0m 
2024-11-07 10:48:16.867035 [0;32mI (1986) Sensor: Free memory: 259472 bytes[0m 
2024-11-07 10:48:16.869031 [0;32mI (1996) Sensor: IDF version: v5.3.1[0m 
2024-11-07 10:48:16.873031 [0;32mI (1996) Sensor: WiFi Connected: Yes[0m 
2024-11-07 10:48:16.875032 [0;32mI (2006) Sensor: Connected to 50 centavos a hora[0m 
2024-11-07 10:48:16.877033 [0;32mI (2006) Sensor: Password: ******************[0m 
2024-11-07 10:48:16.912019 [0;32mI (2016) SET003: Detected LD24 
2024-11-07 10:48:16.918655 [0;32mI (2016) Sensor: Channel: 1[0m 
2024-11-07 10:48:16.920654 [0;32mI (2016) Sensor: AP BSSID: D8:C6:78:A8:59:48[0m 
2024-11-07 10:48:16.922653 [0;33mW (2026) Sensor: Sending all logs to MQTT from now on[0m 
2024-11-07 10:48:16.924653 [0;33mW (2026) Sensor: Sending all logs to MQTT from now on[0m
 2023[0m 
2024-11-07 11:15:30.417986 [0;33mW (1635596) DETECTION: Target 0 traversed but exited_side is not defined | id: 12[0m 
2024-11-07 11:15:30.474990 [0;32mI (1635596) DETECTION: Entered: 0, Exited: 0, Gave up: 0[0m 
2024-11-07 11:25:16.095212 [0;32mI (1976) Sensor: Sensor Name: Sonare D87C[0m 
2024-11-07 11:25:16.153026 [0;32mI (1976) Sensor: Sensor Designator: D87C[0m 
2024-11-07 11:25:16.155025 [0;32mI (1976) Sensor: Sensor MQTT Root Topic: SETE/sensors/sete003/D87C[0m 
2024-11-07 11:25:16.158024 [0;32mI (1986) Sensor: Internal Temperature: 37.40ºC[0m 
2024-11-07 11:25:16.159023 [0;32mI (1986) Sensor: Last Boot Reason: Software reset due to exception/panic[0m 
2024-11-07 11:25:16.161023 [0;32mI (1996) Sensor: Free memory: 259076 bytes[0m 
2024-11-07 11:25:16.163022 [0;32mI (1996) Sensor: IDF version: v5.3.1[0m 
2024-11-07 11:25:16.164021 [0;32mI (2006) Sensor: WiFi Connected: Yes[0m 
2024-11-07 11:25:16.166022 [0;32mI (2006) Sensor: Connected to 50 centavos a hora[0m 
2024-11-07 11:25:16.167020 [0;32mI (2016) Sensor: Password: ******************[0m 
2024-11-07 11:25:16.168021 [0;32mI (2016) Sensor: RSSI: -32[0m 
2024-11-07 11:25:16.169020 [0;32mI (2016) Sensor: Channel: 1[0m 
2024-11-07 11:25:16.170019 [0;32mI (2026) Sensor: AP BSSID: D8:C6:78:A8:59:48[0m 
2024-11-07 11:25:16.211006 [0;33mW (2026) Sensor: Sending all logs to MQTT from now on[0m 
2024-11-07 11:36:14.221048 [0;32mI (2132) Sensor: Sensor Name: Sonare D87C[0m 
2024-11-07 11:36:14.278995 [0;32mI (2132) Sensor: Sensor Designator: D87C[0m 
2024-11-07 11:36:14.281998 [0;32mI (2132) Sensor: Sensor MQTT Root Topic: SETE/sensors/sete003/D87C[0m 
2024-11-07 11:36:14.283385 [0;32mI (2142) Sensor: Internal Temperature: 37.40ºC[0m 
2024-11-07 11:36:14.286385 [0;32mI (2142) Sensor: Last Boot Reason: Reset due to power-on event[0m 
2024-11-07 11:36:14.287384 [0;32mI (2152) Sensor: Free memory: 258460 bytes[0m 
2024-11-07 11:36:14.290386 [0;32mI (2152) Sensor: IDF version: v5.3.1[0m 
2024-11-07 11:36:14.292386 [0;32mI (2162) Sensor: WiFi Connected: Yes[0m 
2024-11-07 11:36:14.293382 [0;32mI (2162) Sensor: Connected to 50 centavos a hora[0m 
2024-11-07 11:36:14.295381 [0;32mI (2172) Sensor: Password: ******************[0m 
2024-11-07 11:36:14.297381 [0;32mI (2172) Sensor: RSSI: -35[0m 
2024-11-07 11:36:14.300381 [0;32mI (2182) Sensor: Channel: 1[0m 
2024-11-07 11:36:14.303379 [0;32mI (2182) Sensor: AP BSSID: D8:C6:78:A8:59:48[0m 
2024-11-07 11:36:14.304378 [0;33mW (2192) Sensor: Sending all logs to MQTT from now on[0m 
