2024-11-28 07:12:28.773216 [0;32mI (18375788) DETECTION: Target 0 entered the room | id: 10![0m 
2024-11-28 07:12:31.772063 [0;33mW (18378788) DETECTION: Target 0 traversed but exited_side is not defined | id: 22[0m 
2024-11-28 07:12:35.771200 [0;32mI (18382788) DETECTION: Target 0 gave up exiting the room | id: 21![0m 
2024-11-28 07:13:25.522078 [0;32mI (18432538) DETECTION: Target 0 exited the room | id: 00![0m 
2024-11-28 07:16:37.027178 [0;32mI (18624038) DETECTION: Target 2 gave up exiting the room | id: 01![0m 
2024-11-28 07:16:41.043764 [0;32mI (18628038) DETECTION: Target 1 entered the room | id: 10![0m 
2024-11-28 07:17:00.779908 [0;32mI (18647788) DETECTION: Target 1 entered the room | id: 10![0m 
2024-11-28 07:22:13.279979 [0;32mI (18960288) DETECTION: Target 2 entered the room | id: 10![0m 
2024-11-28 07:23:27.401869 [0;32mI (19034408) DETECTION: Target 2 exited the room | id: 00![0m 
2024-11-28 07:23:29.896498 [0;32mI (19036908) DETECTION: Target 1 gave up entering the room | id: 11![0m 
2024-11-28 07:49:47.014195 [0;32mI (20614008) DETECTION: Target 2 exited the room | id: 20![0m 
2024-11-28 08:18:01.375847 [0;32mI (22308358) DETECTION: Target 1 gave up exiting the room | id: 01![0m 
2024-11-28 08:26:22.113253 [0;32mI (22809108) DETECTION: Target 1 entered the room | id: 10![0m 
2024-11-28 08:27:30.487521 [0;32mI (22877478) DETECTION: Target 1 exited the room | id: 00![0m 
2024-11-28 08:28:17.735090 [0;32mI (22924728) DETECTION: Target 1 entered the room | id: 10![0m 
2024-11-28 08:36:04.365009 [0;32mI (23391348) DETECTION: Target 1 exited the room | id: 00![0m 
2024-11-28 08:43:22.852864 [0;32mI (23829838) DETECTION: Target 1 entered the room | id: 10![0m 
2024-11-28 09:03:02.730086 [0;32mI (25009698) DETECTION: Target 2 gave up exiting the room | id: 01![0m 
2024-11-28 09:04:54.383107 [0;32mI (25121328) DETECTION: Target 2 entered the room | id: 30![0m 
2024-11-28 09:04:55.972184 [0;32mI (25122948) DETECTION: Target 3 entered the room | id: 30![0m 
2024-11-28 09:08:02.465242 [0;32mI (25309438) DETECTION: Target 1 gave up exiting the room | id: 01![0m 
2024-11-28 09:14:44.836692 [0;32mI (25711818) DETECTION: Target 2 entered the room | id: 10![0m 
2024-11-28 09:23:35.340520 [0;32mI (26242308) DETECTION: Target 1 entered the room | id: 10![0m 
2024-11-28 09:25:38.458225 [0;32mI (26365438) DETECTION: Target 2 exited the room | id: 00![0m 
2024-11-28 09:27:33.705413 [0;32mI (26480678) DETECTION: Target 1 exited the room | id: 00![0m 
2024-11-28 09:28:22.701334 [0;32mI (26529678) DETECTION: Target 1 entered the room | id: 10![0m 
2024-11-28 09:36:55.197326 [0;32mI (27042168) DETECTION: Target 1 exited the room | id: 00![0m 
2024-11-28 09:41:40.069689 [0;32mI (27327038) DETECTION: Target 1 entered the room | id: 10![0m 
2024-11-28 09:42:32.575556 [0;32mI (27379538) DETECTION: Target 1 gave up entering the room | id: 11![0m 
2024-11-28 09:52:07.066429 [0;32mI (27954028) DETECTION: Target 1 entered the room | id: 10![0m 
2024-11-28 09:55:27.943536 [0;32mI (28154908) DETECTION: Target 1 entered the room | id: 10![0m 
2024-11-28 09:56:17.065740 [0;32mI (28204028) DETECTION: Target 1 gave up entering the room | id: 11![0m 
2024-11-28 09:59:34.059801 [0;32mI (28401028) DETECTION: Target 1 entered the room | id: 10![0m 
2024-11-28 09:59:54.316218 [0;32mI (28421278) DETECTION: Target 1 entered the room | id: 30![0m 
2024-11-28 09:59:58.057075 [0;32mI (28425018) DETECTION: Target 0 exited the room | id: 00![0m 
2024-11-28 10:00:12.679538 [0;32mI (28439648) DETECTION: Target 0 entered the room | id: 30![0m 
2024-11-28 10:04:00.058668 [0;32mI (28667018) DETECTION: Target 1 entered the room | id: 10![0m 
2024-11-28 10:04:22.568112 [0;32mI (28689518) DETECTION: Target 1 exited the room | id: 00![0m 
2024-11-28 10:04:50.930666 [0;32mI (28717898) DETECTION: Target 1 entered the room | id: 10![0m 
2024-11-28 10:05:18.848267 [0;33mW (28745778) DETECTION: Target 2 traversed but exited_side is not defined | id: 02[0m 
2024-11-28 10:05:21.937771 [0;32mI (28748898) DETECTION: Target 3 exited the room | id: 00![0m 
2024-11-28 10:19:37.803474 [0;32mI (29604758) DETECTION: Target 1 entered the room | id: 10![0m 
2024-11-28 10:24:59.040810 [0;32mI (29925998) DETECTION: Target 1 gave up exiting the room | id: 21![0m 
2024-11-28 10:35:00.037928 [0;33mW (30526998) DETECTION: Target 1 traversed but exited_side is not defined | id: 12[0m 
2024-11-28 10:35:04.542259 [0;32mI (30531498) DETECTION: Target 2 entered the room | id: 30![0m 
2024-11-28 10:36:02.665349 [0;32mI (30589618) DETECTION: Target 1 entered the room | id: 10![0m 
2024-11-28 10:36:07.918823 [0;32mI (30594868) DETECTION: Target 1 entered the room | id: 30![0m 
2024-11-28 10:36:15.413530 [0;32mI (30602368) DETECTION: Target 1 gave up entering the room | id: 31![0m 
2024-11-28 10:39:50.911719 [0;33mW (30817868) DETECTION: Target 1 traversed but exited_side is not defined | id: 32[0m 
2024-11-28 10:40:15.160611 [0;32mI (30842118) DETECTION: Target 1 entered the room | id: 30![0m 
2024-11-28 10:40:57.904491 [0;32mI (30884858) DETECTION: Target 0 gave up exiting the room | id: 01![0m 
2024-11-28 10:41:23.906527 [0;32mI (30910858) DETECTION: Target 0 gave up exiting the room | id: 01![0m 
2024-11-28 10:44:28.828607 [0;32mI (31095738) DETECTION: Target 1 entered the room | id: 10![0m 
2024-11-28 10:44:33.660660 [0;32mI (31100618) DETECTION: Target 2 entered the room | id: 10![0m 
2024-11-28 10:50:05.657809 [0;32mI (31432608) DETECTION: Target 1 exited the room | id: 00![0m 
2024-11-28 10:50:07.160313 [0;32mI (31434118) DETECTION: Target 3 exited the room | id: 00![0m 
2024-11-28 11:13:03.018619 [0;32mI (32809968) DETECTION: Target 1 gave up entering the room | id: 11![0m 
2024-11-28 11:13:05.020670 [0;32mI (32811968) DETECTION: Target 1 gave up entering the room | id: 11![0m 
2024-11-28 11:13:06.770474 [0;32mI (32813718) DETECTION: Target 1 gave up entering the room | id: 11![0m 
2024-11-28 11:13:09.015543 [0;32mI (32815958) DETECTION: Target 1 gave up entering the room | id: 11![0m 
2024-11-28 11:13:24.395845 [0;32mI (32831338) DETECTION: Target 1 entered the room | id: 10![0m 
2024-11-28 11:13:49.516875 [0;32mI (32856468) DETECTION: Target 1 exited the room | id: 20![0m 
2024-11-28 11:13:57.644056 [0;32mI (32864588) DETECTION: Target 2 gave up entering the room | id: 11![0m 
2024-11-28 11:14:03.901556 [0;32mI (32870848) DETECTION: Target 3 gave up exiting the room | id: 21![0m 
2024-11-28 11:14:37.021011 [0;32mI (32903968) DETECTION: Target 2 gave up entering the room | id: 11![0m 
2024-11-28 11:15:17.523228 [0;32mI (32944468) DETECTION: Target 2 gave up entering the room | id: 11![0m 
2024-11-28 11:15:29.766704 [0;32mI (32956718) DETECTION: Target 2 gave up entering the room | id: 11![0m 
2024-11-28 11:15:54.146835 [0;32mI (32981088) DETECTION: Target 2 entered the room | id: 10![0m 
2024-11-28 11:17:42.283533 [0;32mI (33089218) DETECTION: Target 3 gave up entering the room | id: 11![0m 
2024-11-28 11:17:42.911508 [0;32mI (33089838) DETECTION: Target 3 entered the room | id: 10![0m 
2024-11-28 11:17:44.266544 [0;32mI (33091208) DETECTION: Target 2 gave up exiting the room | id: 21![0m 
2024-11-28 11:17:46.773066 [0;32mI (33093718) DETECTION: Target 3 gave up exiting the room | id: 01![0m 
2024-11-28 11:18:03.648545 [0;32mI (33110598) DETECTION: Target 4 exited the room | id: 20![0m 
2024-11-28 11:18:06.905732 [0;32mI (33113848) DETECTION: Target 2 exited the room | id: 00![0m 
2024-11-28 11:33:44.638278 [0;32mI (34051578) DETECTION: Target 2 entered the room | id: 10![0m 
2024-11-28 11:33:45.011623 [0;32mI (34051948) DETECTION: Target 1 gave up exiting the room | id: 01![0m 
2024-11-28 11:35:00.507898 [0;32mI (34127448) DETECTION: Target 2 entered the room | id: 10![0m 
2024-11-28 11:35:43.379282 [0;32mI (34170318) DETECTION: Target 1 exited the room | id: 00![0m 
2024-11-28 11:44:38.378576 [0;32mI (34705318) DETECTION: Target 2 entered the room | id: 10![0m 
2024-11-28 11:44:39.879490 [0;32mI (34706818) DETECTION: Target 2 gave up exiting the room | id: 01![0m 
2024-11-28 11:45:51.757902 [0;32mI (34778688) DETECTION: Target 2 gave up entering the room | id: 11![0m 
2024-11-28 11:47:00.004456 [0;32mI (34846938) DETECTION: Target 1 exited the room | id: 00![0m 
2024-11-28 11:56:20.867112 [0;32mI (35407798) DETECTION: Target 1 entered the room | id: 10![0m 
2024-11-28 11:56:44.884023 [0;32mI (35431808) DETECTION: Target 2 gave up entering the room | id: 11![0m 
2024-11-28 12:02:44.743161 [0;32mI (35791678) DETECTION: Target 2 entered the room | id: 10![0m 
2024-11-28 12:03:32.868910 [0;32mI (35839798) DETECTION: Target 2 entered the room | id: 10![0m 
2024-11-28 12:04:21.249209 [0;32mI (35888178) DETECTION: Target 2 entered the room | id: 10![0m 
2024-11-28 12:05:31.370380 [0;32mI (35958298) DETECTION: Target 1 exited the room | id: 00![0m 
2024-11-28 12:05:32.001798 [0;32mI (35958928) DETECTION: Target 3 exited the room | id: 20![0m 
2024-11-28 12:06:40.988604 [0;32mI (36027918) DETECTION: Target 0 exited the room | id: 20![0m 
2024-11-28 12:06:54.736427 [0;32mI (36041668) DETECTION: Target 1 entered the room | id: 30![0m 
2024-11-28 12:07:07.239472 [0;32mI (36054168) DETECTION: Target 0 entered the room | id: 30![0m 
2024-11-28 12:23:22.104832 [0;32mI (37029028) DETECTION: Target 1 entered the room | id: 10![0m 
2024-11-28 12:27:06.610509 [0;32mI (37253528) DETECTION: Target 2 entered the room | id: 10![0m 
2024-11-28 12:27:42.481258 [0;32mI (37289408) DETECTION: Target 3 entered the room | id: 10![0m 
2024-11-28 12:27:44.483682 [0;32mI (37291408) DETECTION: Target 4 gave up entering the room | id: 11![0m 
2024-11-28 12:28:56.729241 [0;32mI (37363658) DETECTION: Target 1 exited the room | id: 00![0m 
2024-11-28 12:28:58.101687 [0;32mI (37365028) DETECTION: Target 2 exited the room | id: 00![0m 
2024-11-28 12:49:59.843189 [0;32mI (38626758) DETECTION: Target 1 entered the room | id: 10![0m 
2024-11-28 12:53:38.587679 [0;32mI (38845498) DETECTION: Target 1 entered the room | id: 10![0m 
2024-11-28 12:55:31.712429 [0;32mI (38958628) DETECTION: Target 0 entered the room | id: 10![0m 
2024-11-28 12:57:25.208422 [0;32mI (39072128) DETECTION: Target 1 exited the room | id: 00![0m 
2024-11-28 13:05:53.203463 [0;32mI (39580118) DETECTION: Target 1 entered the room | id: 10![0m 
2024-11-28 13:07:45.827332 [0;32mI (39692748) DETECTION: Target 1 gave up exiting the room | id: 21![0m 
2024-11-28 13:07:47.218627 [0;32mI (39694118) DETECTION: Target 0 entered the room | id: 10![0m 
2024-11-28 13:09:11.575749 [0;32mI (39778488) DETECTION: Target 1 entered the room | id: 10![0m 
2024-11-28 13:09:16.700808 [0;32mI (39783618) DETECTION: Target 1 exited the room | id: 00![0m 
2024-11-28 13:09:37.077866 [0;32mI (39803998) DETECTION: Target 1 gave up entering the room | id: 11![0m 
2024-11-28 13:09:37.579212 [0;32mI (39804498) DETECTION: Target 1 gave up entering the room | id: 11![0m 
2024-11-28 13:10:32.576316 [0;32mI (39859488) DETECTION: Target 1 gave up exiting the room | id: 01![0m 
2024-11-28 13:10:37.459322 [0;32mI (39864378) DETECTION: Target 3 entered the room | id: 10![0m 
2024-11-28 13:16:08.947906 [0;32mI (40195858) DETECTION: Target 1 entered the room | id: 10![0m 
2024-11-28 13:18:19.825544 [0;32mI (40326738) DETECTION: Target 2 exited the room | id: 00![0m 
2024-11-28 13:19:32.946057 [0;32mI (40399858) DETECTION: Target 1 gave up entering the room | id: 11![0m 
2024-11-28 13:36:04.187548 [0;32mI (41391098) DETECTION: Target 1 entered the room | id: 10![0m 
2024-11-28 13:37:43.439966 [0;32mI (41490348) DETECTION: Target 1 gave up entering the room | id: 11![0m 
2024-11-28 13:43:39.181670 [0;32mI (41846088) DETECTION: Target 1 entered the room | id: 10![0m 
2024-11-28 13:45:42.303653 [0;32mI (41969208) DETECTION: Target 1 entered the room | id: 10![0m 
2024-11-28 13:47:28.931493 [0;32mI (42075838) DETECTION: Target 1 entered the room | id: 10![0m 
2024-11-28 13:50:15.177612 [0;32mI (42242088) DETECTION: Target 1 entered the room | id: 10![0m 
2024-11-28 13:52:19.551900 [0;33mW (42366458) DETECTION: Target 1 traversed but exited_side is not defined | id: 32[0m 
2024-11-28 13:55:47.177888 [0;32mI (42574078) DETECTION: Target 2 exited the room | id: 00![0m 
2024-11-28 13:56:34.299948 [0;32mI (42621208) DETECTION: Target 1 gave up exiting the room | id: 01![0m 
2024-11-28 14:01:20.187205 [0;32mI (42907078) DETECTION: Target 1 entered the room | id: 10![0m 
2024-11-28 14:01:23.681321 [0;32mI (42910578) DETECTION: Target 2 entered the room | id: 10![0m 
2024-11-28 14:02:43.924199 [0;33mW (42990828) DETECTION: Target 2 traversed but exited_side is not defined | id: 02[0m 
2024-11-28 14:02:59.046936 [0;32mI (43005948) DETECTION: Target 1 entered the room | id: 30![0m 
2024-11-28 14:03:11.172615 [0;33mW (43018078) DETECTION: Target 1 traversed but exited_side is not defined | id: 02[0m 
2024-11-28 14:05:53.423839 [0;32mI (43180318) DETECTION: Target 1 entered the room | id: 30![0m 
2024-11-28 14:06:36.047077 [0;32mI (43222948) DETECTION: Target 1 exited the room | id: 00![0m 
2024-11-28 14:09:06.010980 [0;32mI (43372828) DETECTION: Target 3 gave up entering the room | id: 31![0m 
2024-11-28 14:09:07.674904 [0;32mI (43374578) DETECTION: Target 3 entered the room | id: 10![0m 
2024-11-28 14:09:07.807411 [0;32mI (43374698) DETECTION: Target 2 gave up exiting the room | id: 01![0m 
2024-11-28 14:14:29.038685 [0;33mW (43695938) DETECTION: Target 1 traversed but exited_side is not defined | id: 02[0m 
2024-11-28 14:17:10.917868 [0;32mI (43857818) DETECTION: Target 1 entered the room | id: 30![0m 
2024-11-28 14:17:11.175915 [0;32mI (43858068) DETECTION: Target 1 gave up exiting the room | id: 01![0m 
2024-11-28 14:17:48.415549 [0;32mI (43895308) DETECTION: Target 1 entered the room | id: 10![0m 
2024-11-28 14:20:08.286790 [0;32mI (44035188) DETECTION: Target 1 exited the room | id: 00![0m 
2024-11-28 14:21:50.292766 [0;32mI (44137188) DETECTION: Target 2 gave up exiting the room | id: 01![0m 
2024-11-28 14:33:13.160247 [0;32mI (44820048) DETECTION: Target 1 entered the room | id: 10![0m 
2024-11-28 14:34:53.408632 [0;32mI (44920298) DETECTION: Target 2 exited the room | id: 00![0m 
2024-11-28 14:34:59.900267 [0;32mI (44926788) DETECTION: Target 1 entered the room | id: 10![0m 
2024-11-28 14:36:03.918191 [0;33mW (44990798) DETECTION: Target 1 traversed but exited_side is not defined | id: 22[0m 
2024-11-28 14:36:04.908994 [0;32mI (44991798) DETECTION: Target 1 gave up exiting the room | id: 21![0m 
2024-11-28 14:36:28.775488 [0;32mI (45015668) DETECTION: Target 1 entered the room | id: 10![0m 
2024-11-28 14:37:00.155234 [0;32mI (45047038) DETECTION: Target 0 entered the room | id: 10![0m 
2024-11-28 14:37:46.155544 [0;32mI (45093048) DETECTION: Target 0 entered the room | id: 10![0m 
2024-11-28 14:39:46.659801 [0;32mI (45213548) DETECTION: Target 2 exited the room | id: 00![0m 
2024-11-28 14:39:50.908323 [0;32mI (45217798) DETECTION: Target 3 entered the room | id: 10![0m 
2024-11-28 14:40:02.280559 [0;32mI (45229168) DETECTION: Target 3 entered the room | id: 10![0m 
2024-11-28 14:43:07.153029 [0;32mI (45414038) DETECTION: Target 1 gave up exiting the room | id: 01![0m 
2024-11-28 14:43:21.647400 [0;32mI (45428538) DETECTION: Target 0 gave up exiting the room | id: 01![0m 
2024-11-28 14:43:42.520859 [0;32mI (45449408) DETECTION: Target 0 gave up entering the room | id: 11![0m 
2024-11-28 14:43:43.024714 [0;32mI (45449908) DETECTION: Target 0 gave up entering the room | id: 11![0m 
2024-11-28 14:43:50.776118 [0;32mI (45457668) DETECTION: Target 0 entered the room | id: 10![0m 
2024-11-28 14:44:02.896200 [0;32mI (45469788) DETECTION: Target 1 gave up exiting the room | id: 01![0m 
2024-11-28 14:44:26.777051 [0;32mI (45493668) DETECTION: Target 1 entered the room | id: 30![0m 
2024-11-28 14:44:37.156274 [0;33mW (45504038) DETECTION: Target 2 traversed but exited_side is not defined | id: 02[0m 
2024-11-28 14:45:21.527232 [0;32mI (45548418) DETECTION: Target 2 exited the room | id: 20![0m 
2024-11-28 14:45:24.540251 [0;32mI (45551418) DETECTION: Target 2 gave up exiting the room | id: 21![0m 
2024-11-28 14:47:58.772460 [0;32mI (45705658) DETECTION: Target 1 entered the room | id: 10![0m 
2024-11-28 14:48:11.273571 [0;32mI (45718158) DETECTION: Target 1 gave up exiting the room | id: 21![0m 
2024-11-28 14:48:57.647928 [0;32mI (45764538) DETECTION: Target 1 entered the room | id: 30![0m 
2024-11-28 14:57:25.768466 [0;32mI (46272658) DETECTION: Target 2 gave up exiting the room | id: 01![0m 
2024-11-28 14:58:06.021855 [0;32mI (46312908) DETECTION: Target 2 gave up exiting the room | id: 01![0m 
2024-11-28 14:59:03.016266 [0;32mI (46369898) DETECTION: Target 1 entered the room | id: 10![0m 
2024-11-28 15:01:11.023104 [0;32mI (46497898) DETECTION: Target 1 gave up exiting the room | id: 01![0m 
2024-11-28 15:02:39.518491 [0;32mI (46586398) DETECTION: Target 2 gave up exiting the room | id: 01![0m 
2024-11-28 15:04:52.138427 [0;32mI (46719018) DETECTION: Target 1 gave up entering the room | id: 11![0m 
2024-11-28 15:04:52.517551 [0;32mI (46719398) DETECTION: Target 1 gave up entering the room | id: 11![0m 
2024-11-28 15:05:48.141625 [0;32mI (46775028) DETECTION: Target 2 gave up exiting the room | id: 01![0m 
2024-11-28 15:05:49.642773 [0;32mI (46776528) DETECTION: Target 2 gave up exiting the room | id: 01![0m 
2024-11-28 15:06:30.145539 [0;32mI (46817028) DETECTION: Target 2 gave up exiting the room | id: 01![0m 
2024-11-28 15:07:11.889761 [0;32mI (46858778) DETECTION: Target 2 gave up entering the room | id: 11![0m 
2024-11-28 15:07:23.766793 [0;32mI (46870648) DETECTION: Target 1 exited the room | id: 20![0m 
2024-11-28 15:07:23.791159 [0;32mI (46870648) DETECTION: Target 3 gave up exiting the room | id: 01![0m 
2024-11-28 15:07:24.014423 [0;32mI (46870898) DETECTION: Target 2 exited the room | id: 00![0m 
2024-11-28 15:07:33.144101 [0;32mI (46880028) DETECTION: Target 0 gave up exiting the room | id: 21![0m 
2024-11-28 15:07:34.413084 [0;32mI (46881278) DETECTION: Target 2 gave up entering the room | id: 11![0m 
2024-11-28 15:07:54.259626 [0;32mI (46901148) DETECTION: Target 1 exited the room | id: 20![0m 
2024-11-28 15:08:11.394932 [0;32mI (46918278) DETECTION: Target 2 gave up exiting the room | id: 01![0m 
2024-11-28 15:09:18.265088 [0;32mI (46985148) DETECTION: Target 1 gave up entering the room | id: 11![0m 
2024-11-28 15:09:46.012066 [0;33mW (47012898) DETECTION: Target 1 traversed but exited_side is not defined | id: 02[0m 
2024-11-28 15:10:07.258653 [0;32mI (47034138) DETECTION: Target 1 entered the room | id: 30![0m 
2024-11-28 15:10:13.262416 [0;32mI (47040148) DETECTION: Target 1 gave up exiting the room | id: 01![0m 
2024-11-28 15:14:14.133335 [0;32mI (47281018) DETECTION: Target 1 gave up exiting the room | id: 01![0m 
2024-11-28 15:20:29.502593 [0;32mI (47656378) DETECTION: Target 1 gave up exiting the room | id: 01![0m 
2024-11-28 15:21:18.505102 [0;32mI (47705378) DETECTION: Target 0 entered the room | id: 30![0m 
2024-11-28 15:21:19.377589 [0;32mI (47706258) DETECTION: Target 0 gave up exiting the room | id: 01![0m 
2024-11-28 15:23:41.929122 [0;33mW (47848758) DETECTION: Target 1 traversed but exited_side is not defined | id: 02[0m 
2024-11-28 15:24:02.129479 [0;32mI (47869008) DETECTION: Target 1 entered the room | id: 30![0m 
2024-11-28 15:27:36.503887 [0;32mI (48083378) DETECTION: Target 2 gave up exiting the room | id: 01![0m 
2024-11-28 15:28:05.505915 [0;33mW (48112378) DETECTION: Target 2 traversed but exited_side is not defined | id: 02[0m 
2024-11-28 15:28:08.879482 [0;32mI (48115758) DETECTION: Target 2 gave up exiting the room | id: 21![0m 
2024-11-28 15:28:24.131819 [0;32mI (48131008) DETECTION: Target 2 exited the room | id: 00![0m 
2024-11-28 15:28:55.130856 [0;32mI (48162008) DETECTION: Target 2 entered the room | id: 30![0m 
2024-11-28 15:29:09.132347 [0;32mI (48176008) DETECTION: Target 2 gave up entering the room | id: 11![0m 
2024-11-28 15:30:02.020706 [0;32mI (48228878) DETECTION: Target 2 entered the room | id: 30![0m 
2024-11-28 15:30:56.250374 [0;32mI (48283128) DETECTION: Target 1 gave up exiting the room | id: 01![0m 
2024-11-28 15:31:58.521363 [0;32mI (48345378) DETECTION: Target 1 exited the room | id: 00![0m 
2024-11-28 15:32:00.376305 [0;32mI (48347248) DETECTION: Target 1 exited the room | id: 20![0m 
2024-11-28 15:32:00.752586 [0;32mI (48347628) DETECTION: Target 1 gave up entering the room | id: 11![0m 
2024-11-28 15:32:02.750022 [0;32mI (48349628) DETECTION: Target 1 gave up entering the room | id: 11![0m 
2024-11-28 15:32:05.748455 [0;32mI (48352628) DETECTION: Target 1 exited the room | id: 20![0m 
2024-11-28 15:32:06.020441 [0;32mI (48352878) DETECTION: Target 1 gave up entering the room | id: 11![0m 
2024-11-28 15:32:17.759036 [0;32mI (48364628) DETECTION: Target 1 gave up entering the room | id: 11![0m 
2024-11-28 15:32:20.623909 [0;32mI (48367498) DETECTION: Target 1 gave up entering the room | id: 11![0m 
2024-11-28 15:32:32.372839 [0;32mI (48379248) DETECTION: Target 1 entered the room | id: 10![0m 
2024-11-28 15:33:00.421531 [0;32mI (48407248) DETECTION: Target 1 gave up entering the room | id: 11![0m 
2024-11-28 15:34:08.876358 [0;32mI (48475748) DETECTION: Target 1 entered the room | id: 30![0m 
2024-11-28 15:34:09.996820 [0;32mI (48476878) DETECTION: Target 1 gave up exiting the room | id: 01![0m 
2024-11-28 15:35:40.251362 [0;32mI (48567118) DETECTION: Target 1 exited the room | id: 00![0m 
2024-11-28 15:42:17.371713 [0;32mI (48964238) DETECTION: Target 1 entered the room | id: 10![0m 
2024-11-28 15:43:03.871063 [0;32mI (49010748) DETECTION: Target 2 exited the room | id: 00![0m 
2024-11-28 15:43:10.874126 [0;32mI (49017738) DETECTION: Target 1 entered the room | id: 10![0m 
2024-11-28 15:43:43.368775 [0;32mI (49050238) DETECTION: Target 1 entered the room | id: 30![0m 
2024-11-28 15:48:05.859491 [0;32mI (49312728) DETECTION: Target 1 entered the room | id: 10![0m 
2024-11-28 15:48:16.747839 [0;32mI (49323608) DETECTION: Target 0 gave up exiting the room | id: 01![0m 
2024-11-28 15:48:25.485326 [0;32mI (49332358) DETECTION: Target 0 exited the room | id: 00![0m 
2024-11-28 15:49:22.863922 [0;32mI (49389738) DETECTION: Target 1 gave up exiting the room | id: 01![0m 
2024-11-28 15:49:37.865826 [0;32mI (49404738) DETECTION: Target 2 gave up entering the room | id: 11![0m 
2024-11-28 15:53:30.619857 [0;32mI (49637488) DETECTION: Target 2 entered the room | id: 10![0m 
2024-11-28 15:55:59.499354 [0;32mI (49786358) DETECTION: Target 2 exited the room | id: 20![0m 
2024-11-28 16:03:08.487910 [0;32mI (50215358) DETECTION: Target 2 entered the room | id: 10![0m 
2024-11-28 16:04:17.864252 [0;32mI (50284738) DETECTION: Target 3 exited the room | id: 00![0m 
2024-11-28 16:04:23.854519 [0;32mI (50290728) DETECTION: Target 2 entered the room | id: 10![0m 
2024-11-28 16:04:26.483881 [0;32mI (50293348) DETECTION: Target 2 entered the room | id: 10![0m 
2024-11-28 16:04:34.357044 [0;32mI (50301228) DETECTION: Target 3 entered the room | id: 10![0m 
2024-11-28 16:04:38.978614 [0;32mI (50305848) DETECTION: Target 2 entered the room | id: 10![0m 
2024-11-28 16:05:58.032917 [0;32mI (50384848) DETECTION: Target 2 gave up entering the room | id: 11![0m 
2024-11-28 16:07:25.104870 [0;32mI (50471968) DETECTION: Target 2 entered the room | id: 10![0m 
2024-11-28 16:22:07.718228 [0;32mI (51354588) DETECTION: Target 1 entered the room | id: 10![0m 
2024-11-28 16:22:31.219823 [0;32mI (51378078) DETECTION: Target 0 entered the room | id: 10![0m 
2024-11-28 16:27:35.345891 [0;32mI (51682198) DETECTION: Target 1 entered the room | id: 10![0m 
2024-11-28 16:32:52.344245 [0;32mI (51999198) DETECTION: Target 1 gave up entering the room | id: 11![0m 
2024-11-28 17:15:33.936915 [0;32mI (54560788) DETECTION: Target 0 entered the room | id: 10![0m 
2024-11-28 17:16:36.431284 [0;32mI (54623288) DETECTION: Target 0 gave up exiting the room | id: 01![0m 
2024-11-28 17:16:37.557932 [0;32mI (54624408) DETECTION: Target 0 exited the room | id: 00![0m 
2024-11-28 17:36:05.185938 [0;32mI (55792018) DETECTION: Target 0 exited the room | id: 00![0m 
2024-11-28 17:52:37.413301 [0;32mI (56784258) DETECTION: Target 0 entered the room | id: 30![0m 
2024-11-28 17:53:26.786340 [0;32mI (56833628) DETECTION: Target 0 exited the room | id: 00![0m 
2024-11-28 17:53:29.540057 [0;32mI (56836378) DETECTION: Target 0 entered the room | id: 10![0m 
2024-11-28 17:54:07.163545 [0;33mW (56874008) DETECTION: Target 0 traversed but exited_side is not defined | id: 02[0m 
2024-11-28 17:54:48.659227 [0;32mI (56915508) DETECTION: Target 0 entered the room | id: 30![0m 
2024-11-28 18:01:40.408797 [0;32mI (57327248) DETECTION: Target 0 exited the room | id: 00![0m 
2024-11-28 18:03:40.656210 [0;33mW (57447498) DETECTION: Target 0 traversed but exited_side is not defined | id: 02[0m 
2024-11-28 18:06:13.033402 [0;32mI (57599868) DETECTION: Target 0 entered the room | id: 10![0m 
2024-11-28 18:07:12.288707 [0;32mI (57659128) DETECTION: Target 1 gave up exiting the room | id: 01![0m 
2024-11-28 18:07:12.532834 [0;32mI (57659378) DETECTION: Target 1 gave up exiting the room | id: 01![0m 
2024-11-28 18:08:17.404916 [0;33mW (57724248) DETECTION: Target 1 traversed but exited_side is not defined | id: 02[0m 
2024-11-28 18:08:22.531758 [0;33mW (57729368) DETECTION: Target 1 traversed but exited_side is not defined | id: 12[0m 
2024-11-28 18:08:43.283430 [0;32mI (57750118) DETECTION: Target 1 exited the room | id: 20![0m 
2024-11-28 18:08:47.530105 [0;32mI (57754368) DETECTION: Target 1 gave up entering the room | id: 11![0m 
2024-11-28 18:08:53.535025 [0;32mI (57760378) DETECTION: Target 2 entered the room | id: 30![0m 
2024-11-28 18:08:56.157229 [0;32mI (57762998) DETECTION: Target 0 gave up entering the room | id: 11![0m 
2024-11-28 18:12:59.028950 [0;32mI (58005868) DETECTION: Target 0 entered the room | id: 10![0m 
2024-11-28 18:13:04.276403 [0;32mI (58011118) DETECTION: Target 0 gave up exiting the room | id: 01![0m 
2024-11-28 18:13:22.175691 [0;32mI (58028988) DETECTION: Target 0 gave up exiting the room | id: 21![0m 
2024-11-28 18:16:01.906362 [0;32mI (58188748) DETECTION: Target 2 gave up exiting the room | id: 01![0m 
2024-11-28 18:16:05.527089 [0;32mI (58192368) DETECTION: Target 2 gave up exiting the room | id: 01![0m 
2024-11-28 18:16:07.901536 [0;32mI (58194738) DETECTION: Target 0 gave up exiting the room | id: 21![0m 
2024-11-28 18:16:11.525997 [0;32mI (58198368) DETECTION: Target 0 gave up exiting the room | id: 01![0m 
2024-11-28 18:16:14.532271 [0;32mI (58201368) DETECTION: Target 1 exited the room | id: 20![0m 
2024-11-28 18:16:16.900624 [0;32mI (58203738) DETECTION: Target 0 exited the room | id: 20![0m 
2024-11-28 18:17:52.025386 [0;32mI (58298868) DETECTION: Target 1 exited the room | id: 20![0m 
2024-11-28 18:26:42.392053 [0;32mI (58829228) DETECTION: Target 0 exited the room | id: 00![0m 
2024-11-28 18:38:39.509960 [0;32mI (59546338) DETECTION: Target 0 entered the room | id: 10![0m 
2024-11-28 18:40:25.759958 [0;32mI (59652588) DETECTION: Target 0 gave up exiting the room | id: 01![0m 
2024-11-28 18:40:28.882631 [0;32mI (59655718) DETECTION: Target 0 exited the room | id: 00![0m 
2024-11-28 19:02:10.497436 [0;32mI (60957318) DETECTION: Target 0 gave up exiting the room | id: 01![0m 
2024-11-28 19:02:38.871919 [0;32mI (60985698) DETECTION: Target 0 gave up exiting the room | id: 01![0m 
2024-11-28 19:02:45.124859 [0;32mI (60991948) DETECTION: Target 0 exited the room | id: 00![0m 
2024-11-28 19:03:48.375479 [0;32mI (61055198) DETECTION: Target 1 gave up exiting the room | id: 01![0m 
2024-11-28 19:04:07.621327 [0;32mI (61074448) DETECTION: Target 0 gave up exiting the room | id: 21![0m 
2024-11-28 19:04:33.995843 [0;32mI (61100818) DETECTION: Target 0 gave up exiting the room | id: 01![0m 
2024-11-28 19:20:33.360659 [0;32mI (62060188) DETECTION: Target 0 gave up exiting the room | id: 01![0m 
